#
# There is insufficient memory for the Java Runtime Environment to continue.
# Native memory allocation (mmap) failed to map 1048576 bytes for G1 virtual space
# Possible reasons:
#   The system is out of physical RAM or swap space
#   The process is running with CompressedOops enabled, and the Java Heap may be blocking the growth of the native heap
# Possible solutions:
#   Reduce memory load on the system
#   Increase physical memory or swap space
#   Check if swap backing store is full
#   Decrease Java heap size (-Xmx/-Xms)
#   Decrease number of Java threads
#   Decrease Java thread stack sizes (-Xss)
#   Set larger code cache with -XX:ReservedCodeCacheSize=
#   JVM is running with Unscaled Compressed Oops mode in which the Java heap is
#     placed in the first 4GB address space. The Java Heap base address is the
#     maximum limit for the native heap growth. Please use -XX:HeapBaseMinAddress
#     to set the Java Heap base and to place the Java Heap above 4GB virtual address.
# This output file may be truncated or incomplete.
#
#  Out of Memory Error (os_windows.cpp:3769), pid=10456, tid=3808
#
# JRE version: OpenJDK Runtime Environment (17.0.6) (build 17.0.6+0-b2043.56-10027231)
# Java VM: OpenJDK 64-Bit Server VM (17.0.6+0-b2043.56-10027231, mixed mode, tiered, compressed oops, compressed class ptrs, g1 gc, windows-amd64)
# No core dump will be written. Minidumps are not enabled by default on client versions of Windows
#

---------------  S U M M A R Y ------------

Command Line: --add-opens=java.base/java.util=ALL-UNNAMED --add-opens=java.base/java.lang=ALL-UNNAMED --add-opens=java.base/java.lang.invoke=ALL-UNNAMED --add-opens=java.prefs/java.util.prefs=ALL-UNNAMED --add-opens=java.base/java.nio.charset=ALL-UNNAMED --add-opens=java.base/java.net=ALL-UNNAMED --add-opens=java.base/java.util.concurrent.atomic=ALL-UNNAMED -Xmx2048m -Dfile.encoding=UTF-8 -Duser.country=GB -Duser.language=en -Duser.variant org.gradle.launcher.daemon.bootstrap.GradleDaemon 8.0

Host: Intel(R) Core(TM) i5-4200M CPU @ 2.50GHz, 4 cores, 7G,  Windows 10 , 64 bit Build 19041 (10.0.19041.3636)
Time: Fri Nov 24 21:10:59 2023 E. Africa Standard Time elapsed time: 351.263268 seconds (0d 0h 5m 51s)

---------------  T H R E A D  ---------------

Current thread (0x0000028dfe71a080):  VMThread "VM Thread" [stack: 0x000000efae500000,0x000000efae600000] [id=3808]

Stack: [0x000000efae500000,0x000000efae600000]
Native frames: (J=compiled Java code, j=interpreted, Vv=VM code, C=native code)
V  [jvm.dll+0x683c9a]
V  [jvm.dll+0x8427a4]
V  [jvm.dll+0x843f9e]
V  [jvm.dll+0x844603]
V  [jvm.dll+0x249b75]
V  [jvm.dll+0x680b69]
V  [jvm.dll+0x67505a]
V  [jvm.dll+0x309acb]
V  [jvm.dll+0x310f86]
V  [jvm.dll+0x3608ee]
V  [jvm.dll+0x360b1f]
V  [jvm.dll+0x2dfbf8]
V  [jvm.dll+0x2e2ce6]
V  [jvm.dll+0x2ed478]
V  [jvm.dll+0x322150]
V  [jvm.dll+0x848ccb]
V  [jvm.dll+0x849a04]
V  [jvm.dll+0x849f1d]
V  [jvm.dll+0x84a2f4]
V  [jvm.dll+0x84a3c0]
V  [jvm.dll+0x7f274a]
V  [jvm.dll+0x682ad5]
C  [ucrtbase.dll+0x21bb2]
C  [KERNEL32.DLL+0x17344]
C  [ntdll.dll+0x526b1]

VM_Operation (0x000000efae1ff980): G1Concurrent, mode: safepoint, requested by thread 0x0000028de91d94c0


---------------  P R O C E S S  ---------------

Threads class SMR info:
_java_thread_list=0x0000028d84f85970, length=86, elements={
0x0000028de9169a80, 0x0000028dfe71e450, 0x0000028dfe71f970, 0x0000028dfe73ff50,
0x0000028dfe741920, 0x0000028dfe769d90, 0x0000028dfe76adf0, 0x0000028dfe76e940,
0x0000028dff1138e0, 0x0000028dff116990, 0x0000028dff2b0020, 0x0000028dff2b6d30,
0x0000028d841897b0, 0x0000028d84da4010, 0x0000028d8493bf00, 0x0000028dffbd0050,
0x0000028dffa7a810, 0x0000028d84528840, 0x0000028d8452a9f0, 0x0000028d84528370,
0x0000028d84528d10, 0x0000028d845291e0, 0x0000028d845279d0, 0x0000028d845296b0,
0x0000028d84529b80, 0x0000028d8452a520, 0x0000028d8452a050, 0x0000028d84527500,
0x0000028d84a01870, 0x0000028d84a00060, 0x0000028d84a060a0, 0x0000028d84a073e0,
0x0000028d84a06a40, 0x0000028d84a01d40, 0x0000028d84a04d60, 0x0000028d84a013a0,
0x0000028d84a05700, 0x0000028d84a06f10, 0x0000028d84a06570, 0x0000028d84a043c0,
0x0000028d84a03ef0, 0x0000028d84a02210, 0x0000028d84a00a00, 0x0000028d84a05bd0,
0x0000028d84a00ed0, 0x0000028d84a026e0, 0x0000028d84a02bb0, 0x0000028d84a03080,
0x0000028d84a03550, 0x0000028d84a03a20, 0x0000028d84a04890, 0x0000028d84527ea0,
0x0000028d87840f60, 0x0000028d87843ab0, 0x0000028d87845c60, 0x0000028d878422a0,
0x0000028d87845790, 0x0000028d878487b0, 0x0000028d87846130, 0x0000028d87846ad0,
0x0000028d878452c0, 0x0000028d87841dd0, 0x0000028d87844df0, 0x0000028d87844920,
0x0000028d87847940, 0x0000028d87847e10, 0x0000028d87846600, 0x0000028d87846fa0,
0x0000028d87842770, 0x0000028d87847470, 0x0000028d878482e0, 0x0000028d87841430,
0x0000028d87841900, 0x0000028d87842c40, 0x0000028d87843110, 0x0000028d878435e0,
0x0000028d87843f80, 0x0000028d87844450, 0x0000028d87f32480, 0x0000028d87f34fd0,
0x0000028d87f337c0, 0x0000028d87f30c70, 0x0000028d87f34b00, 0x0000028d87f307a0,
0x0000028d87f367e0, 0x0000028d87f354a0
}

Java Threads: ( => current thread )
  0x0000028de9169a80 JavaThread "main" [_thread_blocked, id=1876, stack(0x000000efadf00000,0x000000efae000000)]
  0x0000028dfe71e450 JavaThread "Reference Handler" daemon [_thread_blocked, id=1668, stack(0x000000efae600000,0x000000efae700000)]
  0x0000028dfe71f970 JavaThread "Finalizer" daemon [_thread_blocked, id=12092, stack(0x000000efae700000,0x000000efae800000)]
  0x0000028dfe73ff50 JavaThread "Signal Dispatcher" daemon [_thread_blocked, id=7712, stack(0x000000efae800000,0x000000efae900000)]
  0x0000028dfe741920 JavaThread "Attach Listener" daemon [_thread_blocked, id=9304, stack(0x000000efae900000,0x000000efaea00000)]
  0x0000028dfe769d90 JavaThread "Service Thread" daemon [_thread_blocked, id=9344, stack(0x000000efaea00000,0x000000efaeb00000)]
  0x0000028dfe76adf0 JavaThread "Monitor Deflation Thread" daemon [_thread_blocked, id=12152, stack(0x000000efaeb00000,0x000000efaec00000)]
  0x0000028dfe76e940 JavaThread "C2 CompilerThread0" daemon [_thread_blocked, id=11460, stack(0x000000efaec00000,0x000000efaed00000)]
  0x0000028dff1138e0 JavaThread "C1 CompilerThread0" daemon [_thread_blocked, id=5984, stack(0x000000efaed00000,0x000000efaee00000)]
  0x0000028dff116990 JavaThread "Sweeper thread" daemon [_thread_blocked, id=3928, stack(0x000000efaee00000,0x000000efaef00000)]
  0x0000028dff2b0020 JavaThread "Common-Cleaner" daemon [_thread_blocked, id=11524, stack(0x000000efaef00000,0x000000efaf000000)]
  0x0000028dff2b6d30 JavaThread "Notification Thread" daemon [_thread_blocked, id=10824, stack(0x000000efaf000000,0x000000efaf100000)]
  0x0000028d841897b0 JavaThread "Daemon health stats" [_thread_blocked, id=8036, stack(0x000000efaf500000,0x000000efaf600000)]
  0x0000028d84da4010 JavaThread "Incoming local TCP Connector on port 3037" [_thread_in_native, id=10744, stack(0x000000efadd00000,0x000000efade00000)]
  0x0000028d8493bf00 JavaThread "Daemon periodic checks" [_thread_blocked, id=8892, stack(0x000000efade00000,0x000000efadf00000)]
  0x0000028dffbd0050 JavaThread "Daemon" [_thread_blocked, id=10844, stack(0x000000efaf600000,0x000000efaf700000)]
  0x0000028dffa7a810 JavaThread "Handler for socket connection from /127.0.0.1:3037 to /127.0.0.1:3038" [_thread_in_native, id=2996, stack(0x000000efaf700000,0x000000efaf800000)]
  0x0000028d84528840 JavaThread "Cancel handler" [_thread_blocked, id=12180, stack(0x000000efaf800000,0x000000efaf900000)]
  0x0000028d8452a9f0 JavaThread "Daemon worker" [_thread_blocked, id=11516, stack(0x000000efaf900000,0x000000efafa00000)]
  0x0000028d84528370 JavaThread "Asynchronous log dispatcher for DefaultDaemonConnection: socket connection from /127.0.0.1:3037 to /127.0.0.1:3038" [_thread_blocked, id=11448, stack(0x000000efafa00000,0x000000efafb00000)]
  0x0000028d84528d10 JavaThread "Daemon client event forwarder" [_thread_blocked, id=11052, stack(0x000000efafc00000,0x000000efafd00000)]
  0x0000028d845291e0 JavaThread "Cache worker for journal cache (C:\Users\etana\.gradle\caches\journal-1)" [_thread_blocked, id=2464, stack(0x000000efafd00000,0x000000efafe00000)]
  0x0000028d845279d0 JavaThread "File lock request listener" [_thread_in_native, id=2216, stack(0x000000efafe00000,0x000000efaff00000)]
  0x0000028d845296b0 JavaThread "Cache worker for file hash cache (C:\Users\etana\.gradle\caches\8.0\fileHashes)" [_thread_blocked, id=4936, stack(0x000000efaff00000,0x000000efb0000000)]
  0x0000028d84529b80 JavaThread "File watcher server" daemon [_thread_in_native, id=10164, stack(0x000000efb0200000,0x000000efb0300000)]
  0x0000028d8452a520 JavaThread "File watcher consumer" daemon [_thread_blocked, id=2184, stack(0x000000efb0300000,0x000000efb0400000)]
  0x0000028d8452a050 JavaThread "jar transforms" [_thread_blocked, id=11536, stack(0x000000efb0400000,0x000000efb0500000)]
  0x0000028d84527500 JavaThread "jar transforms Thread 2" [_thread_blocked, id=11688, stack(0x000000efb0500000,0x000000efb0600000)]
  0x0000028d84a01870 JavaThread "jar transforms Thread 3" [_thread_blocked, id=10988, stack(0x000000efb0600000,0x000000efb0700000)]
  0x0000028d84a00060 JavaThread "jar transforms Thread 4" [_thread_blocked, id=7064, stack(0x000000efb0700000,0x000000efb0800000)]
  0x0000028d84a060a0 JavaThread "Cache worker for checksums cache (C:\Users\etana\AndroidStudioProjects\MyApplication\.gradle\8.0\checksums)" [_thread_blocked, id=10328, stack(0x000000efb0800000,0x000000efb0900000)]
  0x0000028d84a073e0 JavaThread "Cache worker for cache directory md-rule (C:\Users\etana\.gradle\caches\8.0\md-rule)" [_thread_blocked, id=11716, stack(0x000000efb0900000,0x000000efb0a00000)]
  0x0000028d84a06a40 JavaThread "Cache worker for file content cache (C:\Users\etana\.gradle\caches\8.0\fileContent)" [_thread_blocked, id=236, stack(0x000000efb0a00000,0x000000efb0b00000)]
  0x0000028d84a01d40 JavaThread "Cache worker for file hash cache (C:\Users\etana\AndroidStudioProjects\MyApplication\.gradle\8.0\fileHashes)" [_thread_blocked, id=7436, stack(0x000000efb0b00000,0x000000efb0c00000)]
  0x0000028d84a04d60 JavaThread "Cache worker for cache directory md-supplier (C:\Users\etana\.gradle\caches\8.0\md-supplier)" [_thread_blocked, id=6092, stack(0x000000efb0c00000,0x000000efb0d00000)]
  0x0000028d84a013a0 JavaThread "Cache worker for execution history cache (C:\Users\etana\.gradle\caches\8.0\executionHistory)" [_thread_blocked, id=1232, stack(0x000000efb0d00000,0x000000efb0e00000)]
  0x0000028d84a05700 JavaThread "File lock release action executor" [_thread_blocked, id=3220, stack(0x000000efb0e00000,0x000000efb0f00000)]
  0x0000028d84a06f10 JavaThread "Cache worker for kotlin-dsl (C:\Users\etana\.gradle\caches\8.0\kotlin-dsl)" [_thread_blocked, id=1956, stack(0x000000efadc00000,0x000000efadd00000)]
  0x0000028d84a06570 JavaThread "Cache worker for dependencies-accessors (C:\Users\etana\AndroidStudioProjects\MyApplication\.gradle\8.0\dependencies-accessors)" [_thread_blocked, id=8752, stack(0x000000efafb00000,0x000000efafc00000)]
  0x0000028d84a043c0 JavaThread "Cache worker for Build Output Cleanup Cache (C:\Users\etana\AndroidStudioProjects\MyApplication\.gradle\buildOutputCleanup)" [_thread_blocked, id=10608, stack(0x000000efb0f00000,0x000000efb1000000)]
  0x0000028d84a03ef0 JavaThread "Unconstrained build operations" [_thread_blocked, id=4300, stack(0x000000efb1100000,0x000000efb1200000)]
  0x0000028d84a02210 JavaThread "Unconstrained build operations Thread 2" [_thread_blocked, id=11092, stack(0x000000efb1200000,0x000000efb1300000)]
  0x0000028d84a00a00 JavaThread "Unconstrained build operations Thread 3" [_thread_blocked, id=11832, stack(0x000000efb1300000,0x000000efb1400000)]
  0x0000028d84a05bd0 JavaThread "Unconstrained build operations Thread 4" [_thread_blocked, id=7216, stack(0x000000efb1400000,0x000000efb1500000)]
  0x0000028d84a00ed0 JavaThread "Unconstrained build operations Thread 5" [_thread_blocked, id=10624, stack(0x000000efb1500000,0x000000efb1600000)]
  0x0000028d84a026e0 JavaThread "Unconstrained build operations Thread 6" [_thread_blocked, id=3768, stack(0x000000efb1600000,0x000000efb1700000)]
  0x0000028d84a02bb0 JavaThread "Unconstrained build operations Thread 7" [_thread_blocked, id=10936, stack(0x000000efb1700000,0x000000efb1800000)]
  0x0000028d84a03080 JavaThread "Unconstrained build operations Thread 8" [_thread_blocked, id=10984, stack(0x000000efb1800000,0x000000efb1900000)]
  0x0000028d84a03550 JavaThread "Unconstrained build operations Thread 9" [_thread_blocked, id=12052, stack(0x000000efb1900000,0x000000efb1a00000)]
  0x0000028d84a03a20 JavaThread "Unconstrained build operations Thread 10" [_thread_blocked, id=9460, stack(0x000000efb1a00000,0x000000efb1b00000)]
  0x0000028d84a04890 JavaThread "Unconstrained build operations Thread 11" [_thread_blocked, id=5692, stack(0x000000efb1b00000,0x000000efb1c00000)]
  0x0000028d84527ea0 JavaThread "Unconstrained build operations Thread 12" [_thread_blocked, id=2440, stack(0x000000efb1c00000,0x000000efb1d00000)]
  0x0000028d87840f60 JavaThread "Unconstrained build operations Thread 13" [_thread_blocked, id=1984, stack(0x000000efb1d00000,0x000000efb1e00000)]
  0x0000028d87843ab0 JavaThread "Unconstrained build operations Thread 14" [_thread_blocked, id=8432, stack(0x000000efb1e00000,0x000000efb1f00000)]
  0x0000028d87845c60 JavaThread "Unconstrained build operations Thread 15" [_thread_blocked, id=5668, stack(0x000000efb1f00000,0x000000efb2000000)]
  0x0000028d878422a0 JavaThread "Unconstrained build operations Thread 16" [_thread_blocked, id=10424, stack(0x000000efb2000000,0x000000efb2100000)]
  0x0000028d87845790 JavaThread "Unconstrained build operations Thread 17" [_thread_blocked, id=10072, stack(0x000000efb2100000,0x000000efb2200000)]
  0x0000028d878487b0 JavaThread "Unconstrained build operations Thread 18" [_thread_blocked, id=9444, stack(0x000000efb2200000,0x000000efb2300000)]
  0x0000028d87846130 JavaThread "Unconstrained build operations Thread 19" [_thread_blocked, id=9356, stack(0x000000efb2300000,0x000000efb2400000)]
  0x0000028d87846ad0 JavaThread "Unconstrained build operations Thread 20" [_thread_blocked, id=5192, stack(0x000000efb2400000,0x000000efb2500000)]
  0x0000028d878452c0 JavaThread "Unconstrained build operations Thread 21" [_thread_blocked, id=11004, stack(0x000000efb2500000,0x000000efb2600000)]
  0x0000028d87841dd0 JavaThread "Unconstrained build operations Thread 22" [_thread_blocked, id=2708, stack(0x000000efb2600000,0x000000efb2700000)]
  0x0000028d87844df0 JavaThread "Unconstrained build operations Thread 23" [_thread_blocked, id=9188, stack(0x000000efb2700000,0x000000efb2800000)]
  0x0000028d87844920 JavaThread "Unconstrained build operations Thread 24" [_thread_blocked, id=6620, stack(0x000000efb2800000,0x000000efb2900000)]
  0x0000028d87847940 JavaThread "Unconstrained build operations Thread 25" [_thread_blocked, id=11684, stack(0x000000efb2900000,0x000000efb2a00000)]
  0x0000028d87847e10 JavaThread "Unconstrained build operations Thread 26" [_thread_blocked, id=2748, stack(0x000000efb2a00000,0x000000efb2b00000)]
  0x0000028d87846600 JavaThread "Unconstrained build operations Thread 27" [_thread_blocked, id=9084, stack(0x000000efb2b00000,0x000000efb2c00000)]
  0x0000028d87846fa0 JavaThread "Unconstrained build operations Thread 28" [_thread_blocked, id=4068, stack(0x000000efb2c00000,0x000000efb2d00000)]
  0x0000028d87842770 JavaThread "Unconstrained build operations Thread 29" [_thread_blocked, id=8960, stack(0x000000efb2d00000,0x000000efb2e00000)]
  0x0000028d87847470 JavaThread "Unconstrained build operations Thread 30" [_thread_blocked, id=8436, stack(0x000000efb2e00000,0x000000efb2f00000)]
  0x0000028d878482e0 JavaThread "Unconstrained build operations Thread 31" [_thread_blocked, id=2504, stack(0x000000efb2f00000,0x000000efb3000000)]
  0x0000028d87841430 JavaThread "Unconstrained build operations Thread 32" [_thread_blocked, id=10476, stack(0x000000efb3000000,0x000000efb3100000)]
  0x0000028d87841900 JavaThread "Unconstrained build operations Thread 33" [_thread_blocked, id=7536, stack(0x000000efb3100000,0x000000efb3200000)]
  0x0000028d87842c40 JavaThread "Unconstrained build operations Thread 34" [_thread_blocked, id=12240, stack(0x000000efb3200000,0x000000efb3300000)]
  0x0000028d87843110 JavaThread "Unconstrained build operations Thread 35" [_thread_blocked, id=11388, stack(0x000000efb3300000,0x000000efb3400000)]
  0x0000028d878435e0 JavaThread "Unconstrained build operations Thread 36" [_thread_blocked, id=4828, stack(0x000000efb3400000,0x000000efb3500000)]
  0x0000028d87843f80 JavaThread "Unconstrained build operations Thread 37" [_thread_blocked, id=9836, stack(0x000000efb3500000,0x000000efb3600000)]
  0x0000028d87844450 JavaThread "Unconstrained build operations Thread 38" [_thread_blocked, id=7708, stack(0x000000efb3600000,0x000000efb3700000)]
  0x0000028d87f32480 JavaThread "Unconstrained build operations Thread 39" [_thread_blocked, id=10344, stack(0x000000efb3700000,0x000000efb3800000)]
  0x0000028d87f34fd0 JavaThread "Unconstrained build operations Thread 40" [_thread_blocked, id=4508, stack(0x000000efb3800000,0x000000efb3900000)]
  0x0000028d87f337c0 JavaThread "Memory manager" [_thread_blocked, id=11356, stack(0x000000efb3900000,0x000000efb3a00000)]
  0x0000028d87f30c70 JavaThread "Execution worker" [_thread_blocked, id=1400, stack(0x000000efb3a00000,0x000000efb3b00000)]
  0x0000028d87f34b00 JavaThread "Execution worker Thread 2" [_thread_blocked, id=11476, stack(0x000000efb3b00000,0x000000efb3c00000)]
  0x0000028d87f307a0 JavaThread "Execution worker Thread 3" [_thread_blocked, id=2700, stack(0x000000efb3c00000,0x000000efb3d00000)]
  0x0000028d87f367e0 JavaThread "Cache worker for execution history cache (C:\Users\etana\AndroidStudioProjects\MyApplication\.gradle\8.0\executionHistory)" [_thread_blocked, id=6168, stack(0x000000efb3d00000,0x000000efb3e00000)]
  0x0000028d87f354a0 JavaThread "idea-tooling-model-converter" [_thread_blocked, id=10348, stack(0x000000efb3e00000,0x000000efb3f00000)]

Other Threads:
=>0x0000028dfe71a080 VMThread "VM Thread" [stack: 0x000000efae500000,0x000000efae600000] [id=3808]
  0x0000028de91e9630 WatcherThread [stack: 0x000000efaf100000,0x000000efaf200000] [id=7864]
  0x0000028de91c7ed0 GCTaskThread "GC Thread#0" [stack: 0x000000efae000000,0x000000efae100000] [id=9892]
  0x0000028dff7179e0 GCTaskThread "GC Thread#1" [stack: 0x000000efaf200000,0x000000efaf300000] [id=10968]
  0x0000028dff8e84a0 GCTaskThread "GC Thread#2" [stack: 0x000000efaf300000,0x000000efaf400000] [id=4896]
  0x0000028d842e5c30 GCTaskThread "GC Thread#3" [stack: 0x000000efaf400000,0x000000efaf500000] [id=9148]
  0x0000028de91d94c0 ConcurrentGCThread "G1 Main Marker" [stack: 0x000000efae100000,0x000000efae200000] [id=7320]
  0x0000028de91d9de0 ConcurrentGCThread "G1 Conc#0" [stack: 0x000000efae200000,0x000000efae300000] [id=11884]
  0x0000028dfe5840b0 ConcurrentGCThread "G1 Refine#0" [stack: 0x000000efae300000,0x000000efae400000] [id=8288]
  0x0000028dfe5844f0 ConcurrentGCThread "G1 Service" [stack: 0x000000efae400000,0x000000efae500000] [id=796]

Threads with active compile tasks:

VM state: at safepoint (normal execution)

VM Mutex/Monitor currently owned by a thread:  ([mutex/lock_event])
[0x0000028de9165370] Threads_lock - owner thread: 0x0000028dfe71a080
[0x0000028de9164710] Heap_lock - owner thread: 0x0000028de91d94c0

Heap address: 0x0000000080000000, size: 2048 MB, Compressed Oops mode: 32-bit

CDS archive(s) not mapped
Compressed class space mapped at: 0x0000000100000000-0x0000000140000000, reserved size: 1073741824
Narrow klass base: 0x0000000000000000, Narrow klass shift: 3, Narrow klass range: 0x140000000

GC Precious Log:
 CPUs: 4 total, 4 available
 Memory: 8124M
 Large Page Support: Disabled
 NUMA Support: Disabled
 Compressed Oops: Enabled (32-bit)
 Heap Region Size: 1M
 Heap Min Capacity: 8M
 Heap Initial Capacity: 128M
 Heap Max Capacity: 2G
 Pre-touch: Disabled
 Parallel Workers: 4
 Concurrent Workers: 1
 Concurrent Refinement Workers: 4
 Periodic GC: Disabled

Heap:
 garbage-first heap   total 295936K, used 175470K [0x0000000080000000, 0x0000000100000000)
  region size 1024K, 7 young (7168K), 5 survivors (5120K)
 Metaspace       used 93913K, committed 94656K, reserved 1130496K
  class space    used 12791K, committed 13120K, reserved 1048576K

Heap Regions: E=young(eden), S=young(survivor), O=old, HS=humongous(starts), HC=humongous(continues), CS=collection set, F=free, OA=open archive, CA=closed archive, TAMS=top-at-mark-start (previous, next)
|   0|0x0000000080000000, 0x0000000080100000, 0x0000000080100000|100%| O|  |TAMS 0x0000000080100000, 0x0000000080000000| Untracked 
|   1|0x0000000080100000, 0x0000000080200000, 0x0000000080200000|100%| O|  |TAMS 0x0000000080200000, 0x0000000080100000| Untracked 
|   2|0x0000000080200000, 0x0000000080300000, 0x0000000080300000|100%|HS|  |TAMS 0x0000000080300000, 0x0000000080200000| Complete 
|   3|0x0000000080300000, 0x0000000080400000, 0x0000000080400000|100%|HC|  |TAMS 0x0000000080400000, 0x0000000080300000| Complete 
|   4|0x0000000080400000, 0x0000000080500000, 0x0000000080500000|100%|HC|  |TAMS 0x0000000080500000, 0x0000000080400000| Complete 
|   5|0x0000000080500000, 0x0000000080600000, 0x0000000080600000|100%|HC|  |TAMS 0x0000000080600000, 0x0000000080500000| Complete 
|   6|0x0000000080600000, 0x0000000080700000, 0x0000000080700000|100%| O|  |TAMS 0x0000000080700000, 0x0000000080600000| Untracked 
|   7|0x0000000080700000, 0x0000000080800000, 0x0000000080800000|100%| O|  |TAMS 0x0000000080800000, 0x0000000080700000| Untracked 
|   8|0x0000000080800000, 0x0000000080900000, 0x0000000080900000|100%| O|  |TAMS 0x0000000080900000, 0x0000000080800000| Untracked 
|   9|0x0000000080900000, 0x0000000080a00000, 0x0000000080a00000|100%| O|  |TAMS 0x0000000080a00000, 0x0000000080900000| Untracked 
|  10|0x0000000080a00000, 0x0000000080b00000, 0x0000000080b00000|100%| O|  |TAMS 0x0000000080b00000, 0x0000000080a00000| Untracked 
|  11|0x0000000080b00000, 0x0000000080c00000, 0x0000000080c00000|100%| O|  |TAMS 0x0000000080c00000, 0x0000000080b00000| Updating 
|  12|0x0000000080c00000, 0x0000000080d00000, 0x0000000080d00000|100%| O|  |TAMS 0x0000000080d00000, 0x0000000080c00000| Untracked 
|  13|0x0000000080d00000, 0x0000000080e00000, 0x0000000080e00000|100%| O|  |TAMS 0x0000000080e00000, 0x0000000080d00000| Updating 
|  14|0x0000000080e00000, 0x0000000080f00000, 0x0000000080f00000|100%| O|  |TAMS 0x0000000080f00000, 0x0000000080e00000| Untracked 
|  15|0x0000000080f00000, 0x0000000081000000, 0x0000000081000000|100%| O|  |TAMS 0x0000000081000000, 0x0000000080f00000| Untracked 
|  16|0x0000000081000000, 0x0000000081100000, 0x0000000081100000|100%| O|  |TAMS 0x0000000081100000, 0x0000000081000000| Untracked 
|  17|0x0000000081100000, 0x0000000081200000, 0x0000000081200000|100%| O|  |TAMS 0x0000000081200000, 0x0000000081100000| Untracked 
|  18|0x0000000081200000, 0x0000000081300000, 0x0000000081300000|100%| O|  |TAMS 0x0000000081300000, 0x0000000081200000| Untracked 
|  19|0x0000000081300000, 0x0000000081400000, 0x0000000081400000|100%| O|  |TAMS 0x0000000081400000, 0x0000000081300000| Untracked 
|  20|0x0000000081400000, 0x0000000081500000, 0x0000000081500000|100%| O|  |TAMS 0x0000000081500000, 0x0000000081400000| Untracked 
|  21|0x0000000081500000, 0x0000000081600000, 0x0000000081600000|100%|HS|  |TAMS 0x0000000081600000, 0x0000000081500000| Complete 
|  22|0x0000000081600000, 0x0000000081700000, 0x0000000081700000|100%|HC|  |TAMS 0x0000000081700000, 0x0000000081600000| Complete 
|  23|0x0000000081700000, 0x0000000081800000, 0x0000000081800000|100%|HS|  |TAMS 0x0000000081800000, 0x0000000081700000| Complete 
|  24|0x0000000081800000, 0x0000000081900000, 0x0000000081900000|100%|HC|  |TAMS 0x0000000081900000, 0x0000000081800000| Complete 
|  25|0x0000000081900000, 0x0000000081a00000, 0x0000000081a00000|100%|HC|  |TAMS 0x0000000081a00000, 0x0000000081900000| Complete 
|  26|0x0000000081a00000, 0x0000000081b00000, 0x0000000081b00000|100%|HS|  |TAMS 0x0000000081b00000, 0x0000000081a00000| Complete 
|  27|0x0000000081b00000, 0x0000000081c00000, 0x0000000081c00000|100%|HC|  |TAMS 0x0000000081c00000, 0x0000000081b00000| Complete 
|  28|0x0000000081c00000, 0x0000000081d00000, 0x0000000081d00000|100%|HC|  |TAMS 0x0000000081d00000, 0x0000000081c00000| Complete 
|  29|0x0000000081d00000, 0x0000000081e00000, 0x0000000081e00000|100%|HS|  |TAMS 0x0000000081e00000, 0x0000000081d00000| Complete 
|  30|0x0000000081e00000, 0x0000000081f00000, 0x0000000081f00000|100%|HC|  |TAMS 0x0000000081f00000, 0x0000000081e00000| Complete 
|  31|0x0000000081f00000, 0x0000000082000000, 0x0000000082000000|100%|HC|  |TAMS 0x0000000082000000, 0x0000000081f00000| Complete 
|  32|0x0000000082000000, 0x0000000082100000, 0x0000000082100000|100%|HC|  |TAMS 0x0000000082100000, 0x0000000082000000| Complete 
|  33|0x0000000082100000, 0x0000000082200000, 0x0000000082200000|100%|HC|  |TAMS 0x0000000082200000, 0x0000000082100000| Complete 
|  34|0x0000000082200000, 0x0000000082300000, 0x0000000082300000|100%|HC|  |TAMS 0x0000000082300000, 0x0000000082200000| Complete 
|  35|0x0000000082300000, 0x0000000082400000, 0x0000000082400000|100%|HC|  |TAMS 0x0000000082400000, 0x0000000082300000| Complete 
|  36|0x0000000082400000, 0x0000000082500000, 0x0000000082500000|100%|HC|  |TAMS 0x0000000082500000, 0x0000000082400000| Complete 
|  37|0x0000000082500000, 0x0000000082600000, 0x0000000082600000|100%|HC|  |TAMS 0x0000000082600000, 0x0000000082500000| Complete 
|  38|0x0000000082600000, 0x0000000082700000, 0x0000000082700000|100%|HC|  |TAMS 0x0000000082700000, 0x0000000082600000| Complete 
|  39|0x0000000082700000, 0x0000000082800000, 0x0000000082800000|100%|HC|  |TAMS 0x0000000082800000, 0x0000000082700000| Complete 
|  40|0x0000000082800000, 0x0000000082900000, 0x0000000082900000|100%|HC|  |TAMS 0x0000000082900000, 0x0000000082800000| Complete 
|  41|0x0000000082900000, 0x0000000082a00000, 0x0000000082a00000|100%| O|  |TAMS 0x0000000082a00000, 0x0000000082900000| Untracked 
|  42|0x0000000082a00000, 0x0000000082b00000, 0x0000000082b00000|100%| O|  |TAMS 0x0000000082b00000, 0x0000000082a00000| Untracked 
|  43|0x0000000082b00000, 0x0000000082c00000, 0x0000000082c00000|100%| O|  |TAMS 0x0000000082c00000, 0x0000000082b00000| Untracked 
|  44|0x0000000082c00000, 0x0000000082d00000, 0x0000000082d00000|100%|HS|  |TAMS 0x0000000082d00000, 0x0000000082c00000| Complete 
|  45|0x0000000082d00000, 0x0000000082e00000, 0x0000000082e00000|100%|HC|  |TAMS 0x0000000082e00000, 0x0000000082d00000| Complete 
|  46|0x0000000082e00000, 0x0000000082f00000, 0x0000000082f00000|100%| O|  |TAMS 0x0000000082f00000, 0x0000000082e00000| Updating 
|  47|0x0000000082f00000, 0x0000000083000000, 0x0000000083000000|100%| O|  |TAMS 0x0000000083000000, 0x0000000082f00000| Untracked 
|  48|0x0000000083000000, 0x0000000083100000, 0x0000000083100000|100%| O|  |TAMS 0x0000000083100000, 0x0000000083000000| Untracked 
|  49|0x0000000083100000, 0x0000000083200000, 0x0000000083200000|100%| O|  |TAMS 0x0000000083200000, 0x0000000083100000| Untracked 
|  50|0x0000000083200000, 0x0000000083300000, 0x0000000083300000|100%| O|  |TAMS 0x0000000083300000, 0x0000000083200000| Untracked 
|  51|0x0000000083300000, 0x0000000083400000, 0x0000000083400000|100%| O|  |TAMS 0x0000000083400000, 0x0000000083300000| Untracked 
|  52|0x0000000083400000, 0x0000000083500000, 0x0000000083500000|100%| O|  |TAMS 0x0000000083500000, 0x0000000083400000| Untracked 
|  53|0x0000000083500000, 0x0000000083600000, 0x0000000083600000|100%| O|  |TAMS 0x0000000083600000, 0x0000000083500000| Untracked 
|  54|0x0000000083600000, 0x0000000083700000, 0x0000000083700000|100%|HS|  |TAMS 0x0000000083700000, 0x0000000083600000| Complete 
|  55|0x0000000083700000, 0x0000000083800000, 0x0000000083800000|100%|HC|  |TAMS 0x0000000083800000, 0x0000000083700000| Complete 
|  56|0x0000000083800000, 0x0000000083900000, 0x0000000083900000|100%|HC|  |TAMS 0x0000000083900000, 0x0000000083800000| Complete 
|  57|0x0000000083900000, 0x0000000083a00000, 0x0000000083a00000|100%| O|  |TAMS 0x0000000083a00000, 0x0000000083900000| Updating 
|  58|0x0000000083a00000, 0x0000000083b00000, 0x0000000083b00000|100%| O|  |TAMS 0x0000000083b00000, 0x0000000083a00000| Untracked 
|  59|0x0000000083b00000, 0x0000000083c00000, 0x0000000083c00000|100%| O|  |TAMS 0x0000000083c00000, 0x0000000083b00000| Updating 
|  60|0x0000000083c00000, 0x0000000083d00000, 0x0000000083d00000|100%|HS|  |TAMS 0x0000000083d00000, 0x0000000083c00000| Complete 
|  61|0x0000000083d00000, 0x0000000083e00000, 0x0000000083e00000|100%|HC|  |TAMS 0x0000000083e00000, 0x0000000083d00000| Complete 
|  62|0x0000000083e00000, 0x0000000083f00000, 0x0000000083f00000|100%|HC|  |TAMS 0x0000000083f00000, 0x0000000083e00000| Complete 
|  63|0x0000000083f00000, 0x0000000084000000, 0x0000000084000000|100%| O|  |TAMS 0x0000000084000000, 0x0000000083f00000| Updating 
|  64|0x0000000084000000, 0x0000000084100000, 0x0000000084100000|100%| O|  |TAMS 0x0000000084100000, 0x0000000084000000| Untracked 
|  65|0x0000000084100000, 0x0000000084200000, 0x0000000084200000|100%| O|  |TAMS 0x0000000084200000, 0x0000000084100000| Untracked 
|  66|0x0000000084200000, 0x0000000084300000, 0x0000000084300000|100%| O|  |TAMS 0x0000000084300000, 0x0000000084200000| Untracked 
|  67|0x0000000084300000, 0x0000000084400000, 0x0000000084400000|100%| O|  |TAMS 0x0000000084400000, 0x0000000084300000| Untracked 
|  68|0x0000000084400000, 0x0000000084500000, 0x0000000084500000|100%| O|  |TAMS 0x0000000084500000, 0x0000000084400000| Untracked 
|  69|0x0000000084500000, 0x0000000084600000, 0x0000000084600000|100%| O|  |TAMS 0x0000000084600000, 0x0000000084500000| Updating 
|  70|0x0000000084600000, 0x0000000084700000, 0x0000000084700000|100%| O|  |TAMS 0x0000000084700000, 0x0000000084600000| Updating 
|  71|0x0000000084700000, 0x0000000084800000, 0x0000000084800000|100%| O|  |TAMS 0x0000000084800000, 0x0000000084700000| Updating 
|  72|0x0000000084800000, 0x0000000084900000, 0x0000000084900000|100%| O|  |TAMS 0x0000000084900000, 0x0000000084800000| Updating 
|  73|0x0000000084900000, 0x0000000084a00000, 0x0000000084a00000|100%| O|  |TAMS 0x0000000084a00000, 0x0000000084900000| Updating 
|  74|0x0000000084a00000, 0x0000000084b00000, 0x0000000084b00000|100%|HS|  |TAMS 0x0000000084b00000, 0x0000000084a00000| Complete 
|  75|0x0000000084b00000, 0x0000000084c00000, 0x0000000084c00000|100%|HS|  |TAMS 0x0000000084c00000, 0x0000000084b00000| Complete 
|  76|0x0000000084c00000, 0x0000000084d00000, 0x0000000084d00000|100%|HS|  |TAMS 0x0000000084d00000, 0x0000000084c00000| Complete 
|  77|0x0000000084d00000, 0x0000000084e00000, 0x0000000084e00000|100%|HC|  |TAMS 0x0000000084e00000, 0x0000000084d00000| Complete 
|  78|0x0000000084e00000, 0x0000000084f00000, 0x0000000084f00000|100%|HS|  |TAMS 0x0000000084f00000, 0x0000000084e00000| Complete 
|  79|0x0000000084f00000, 0x0000000085000000, 0x0000000085000000|100%| O|  |TAMS 0x0000000085000000, 0x0000000084f00000| Untracked 
|  80|0x0000000085000000, 0x0000000085100000, 0x0000000085100000|100%|HS|  |TAMS 0x0000000085100000, 0x0000000085000000| Complete 
|  81|0x0000000085100000, 0x0000000085200000, 0x0000000085200000|100%|HC|  |TAMS 0x0000000085200000, 0x0000000085100000| Complete 
|  82|0x0000000085200000, 0x0000000085300000, 0x0000000085300000|100%|HC|  |TAMS 0x0000000085300000, 0x0000000085200000| Complete 
|  83|0x0000000085300000, 0x0000000085400000, 0x0000000085400000|100%|HC|  |TAMS 0x0000000085400000, 0x0000000085300000| Complete 
|  84|0x0000000085400000, 0x0000000085500000, 0x0000000085500000|100%| O|  |TAMS 0x0000000085500000, 0x0000000085400000| Updating 
|  85|0x0000000085500000, 0x0000000085600000, 0x0000000085600000|100%| O|  |TAMS 0x0000000085600000, 0x0000000085500000| Untracked 
|  86|0x0000000085600000, 0x0000000085700000, 0x0000000085700000|100%| O|  |TAMS 0x0000000085700000, 0x0000000085600000| Untracked 
|  87|0x0000000085700000, 0x0000000085800000, 0x0000000085800000|100%| O|  |TAMS 0x0000000085800000, 0x0000000085700000| Updating 
|  88|0x0000000085800000, 0x0000000085900000, 0x0000000085900000|100%| O|  |TAMS 0x0000000085900000, 0x0000000085800000| Updating 
|  89|0x0000000085900000, 0x0000000085900000, 0x0000000085a00000|  0%| F|  |TAMS 0x0000000085900000, 0x0000000085900000| Untracked 
|  90|0x0000000085a00000, 0x0000000085b00000, 0x0000000085b00000|100%|HS|  |TAMS 0x0000000085b00000, 0x0000000085a00000| Complete 
|  91|0x0000000085b00000, 0x0000000085c00000, 0x0000000085c00000|100%| O|  |TAMS 0x0000000085c00000, 0x0000000085b00000| Untracked 
|  92|0x0000000085c00000, 0x0000000085d00000, 0x0000000085d00000|100%| O|  |TAMS 0x0000000085d00000, 0x0000000085c00000| Untracked 
|  93|0x0000000085d00000, 0x0000000085e00000, 0x0000000085e00000|100%| O|  |TAMS 0x0000000085e00000, 0x0000000085d00000| Untracked 
|  94|0x0000000085e00000, 0x0000000085f00000, 0x0000000085f00000|100%| O|  |TAMS 0x0000000085f00000, 0x0000000085e00000| Untracked 
|  95|0x0000000085f00000, 0x0000000086000000, 0x0000000086000000|100%| O|  |TAMS 0x0000000086000000, 0x0000000085f00000| Untracked 
|  96|0x0000000086000000, 0x0000000086100000, 0x0000000086100000|100%|HS|  |TAMS 0x0000000086100000, 0x0000000086000000| Complete 
|  97|0x0000000086100000, 0x0000000086200000, 0x0000000086200000|100%|HC|  |TAMS 0x0000000086200000, 0x0000000086100000| Complete 
|  98|0x0000000086200000, 0x0000000086300000, 0x0000000086300000|100%|HC|  |TAMS 0x0000000086300000, 0x0000000086200000| Complete 
|  99|0x0000000086300000, 0x0000000086400000, 0x0000000086400000|100%| O|  |TAMS 0x0000000086400000, 0x0000000086300000| Untracked 
| 100|0x0000000086400000, 0x0000000086500000, 0x0000000086500000|100%| O|  |TAMS 0x0000000086500000, 0x0000000086400000| Untracked 
| 101|0x0000000086500000, 0x0000000086600000, 0x0000000086600000|100%| O|  |TAMS 0x0000000086600000, 0x0000000086500000| Untracked 
| 102|0x0000000086600000, 0x0000000086700000, 0x0000000086700000|100%| O|  |TAMS 0x0000000086700000, 0x0000000086600000| Untracked 
| 103|0x0000000086700000, 0x0000000086800000, 0x0000000086800000|100%| O|  |TAMS 0x0000000086800000, 0x0000000086700000| Updating 
| 104|0x0000000086800000, 0x0000000086900000, 0x0000000086900000|100%| O|  |TAMS 0x0000000086900000, 0x0000000086800000| Untracked 
| 105|0x0000000086900000, 0x0000000086a00000, 0x0000000086a00000|100%| O|  |TAMS 0x0000000086a00000, 0x0000000086900000| Untracked 
| 106|0x0000000086a00000, 0x0000000086b00000, 0x0000000086b00000|100%| O|  |TAMS 0x0000000086b00000, 0x0000000086a00000| Updating 
| 107|0x0000000086b00000, 0x0000000086c00000, 0x0000000086c00000|100%| O|  |TAMS 0x0000000086c00000, 0x0000000086b00000| Updating 
| 108|0x0000000086c00000, 0x0000000086d00000, 0x0000000086d00000|100%| O|  |TAMS 0x0000000086d00000, 0x0000000086c00000| Updating 
| 109|0x0000000086d00000, 0x0000000086e00000, 0x0000000086e00000|100%| O|  |TAMS 0x0000000086e00000, 0x0000000086d00000| Updating 
| 110|0x0000000086e00000, 0x0000000086f00000, 0x0000000086f00000|100%| O|  |TAMS 0x0000000086f00000, 0x0000000086e00000| Updating 
| 111|0x0000000086f00000, 0x0000000087000000, 0x0000000087000000|100%| O|  |TAMS 0x0000000087000000, 0x0000000086f00000| Updating 
| 112|0x0000000087000000, 0x0000000087100000, 0x0000000087100000|100%| O|  |TAMS 0x0000000087100000, 0x0000000087000000| Updating 
| 113|0x0000000087100000, 0x0000000087200000, 0x0000000087200000|100%|HS|  |TAMS 0x0000000087200000, 0x0000000087100000| Complete 
| 114|0x0000000087200000, 0x0000000087300000, 0x0000000087300000|100%|HC|  |TAMS 0x0000000087300000, 0x0000000087200000| Complete 
| 115|0x0000000087300000, 0x0000000087400000, 0x0000000087400000|100%|HS|  |TAMS 0x0000000087400000, 0x0000000087300000| Complete 
| 116|0x0000000087400000, 0x0000000087500000, 0x0000000087500000|100%|HC|  |TAMS 0x0000000087500000, 0x0000000087400000| Complete 
| 117|0x0000000087500000, 0x0000000087600000, 0x0000000087600000|100%|HC|  |TAMS 0x0000000087600000, 0x0000000087500000| Complete 
| 118|0x0000000087600000, 0x0000000087700000, 0x0000000087700000|100%|HS|  |TAMS 0x0000000087700000, 0x0000000087600000| Complete 
| 119|0x0000000087700000, 0x0000000087800000, 0x0000000087800000|100%|HC|  |TAMS 0x0000000087800000, 0x0000000087700000| Complete 
| 120|0x0000000087800000, 0x0000000087900000, 0x0000000087900000|100%|HC|  |TAMS 0x0000000087900000, 0x0000000087800000| Complete 
| 121|0x0000000087900000, 0x0000000087a00000, 0x0000000087a00000|100%|HS|  |TAMS 0x0000000087a00000, 0x0000000087900000| Complete 
| 122|0x0000000087a00000, 0x0000000087b00000, 0x0000000087b00000|100%|HC|  |TAMS 0x0000000087b00000, 0x0000000087a00000| Complete 
| 123|0x0000000087b00000, 0x0000000087c00000, 0x0000000087c00000|100%|HC|  |TAMS 0x0000000087c00000, 0x0000000087b00000| Complete 
| 124|0x0000000087c00000, 0x0000000087d00000, 0x0000000087d00000|100%|HC|  |TAMS 0x0000000087d00000, 0x0000000087c00000| Complete 
| 125|0x0000000087d00000, 0x0000000087e00000, 0x0000000087e00000|100%|HC|  |TAMS 0x0000000087e00000, 0x0000000087d00000| Complete 
| 126|0x0000000087e00000, 0x0000000087f00000, 0x0000000087f00000|100%|HC|  |TAMS 0x0000000087f00000, 0x0000000087e00000| Complete 
| 127|0x0000000087f00000, 0x0000000088000000, 0x0000000088000000|100%|HC|  |TAMS 0x0000000088000000, 0x0000000087f00000| Complete 
| 128|0x0000000088000000, 0x0000000088100000, 0x0000000088100000|100%|HC|  |TAMS 0x0000000088100000, 0x0000000088000000| Complete 
| 129|0x0000000088100000, 0x0000000088200000, 0x0000000088200000|100%|HC|  |TAMS 0x0000000088200000, 0x0000000088100000| Complete 
| 130|0x0000000088200000, 0x0000000088300000, 0x0000000088300000|100%|HC|  |TAMS 0x0000000088300000, 0x0000000088200000| Complete 
| 131|0x0000000088300000, 0x0000000088400000, 0x0000000088400000|100%|HC|  |TAMS 0x0000000088400000, 0x0000000088300000| Complete 
| 132|0x0000000088400000, 0x0000000088500000, 0x0000000088500000|100%|HC|  |TAMS 0x0000000088500000, 0x0000000088400000| Complete 
| 133|0x0000000088500000, 0x0000000088600000, 0x0000000088600000|100%|HS|  |TAMS 0x0000000088600000, 0x0000000088500000| Complete 
| 134|0x0000000088600000, 0x0000000088700000, 0x0000000088700000|100%|HC|  |TAMS 0x0000000088700000, 0x0000000088600000| Complete 
| 135|0x0000000088700000, 0x0000000088800000, 0x0000000088800000|100%| O|  |TAMS 0x0000000088800000, 0x0000000088700000| Untracked 
| 136|0x0000000088800000, 0x0000000088900000, 0x0000000088900000|100%| O|  |TAMS 0x0000000088900000, 0x0000000088800000| Untracked 
| 137|0x0000000088900000, 0x0000000088a00000, 0x0000000088a00000|100%| O|  |TAMS 0x0000000088a00000, 0x0000000088900000| Untracked 
| 138|0x0000000088a00000, 0x0000000088b00000, 0x0000000088b00000|100%| O|  |TAMS 0x0000000088b00000, 0x0000000088a00000| Updating 
| 139|0x0000000088b00000, 0x0000000088c00000, 0x0000000088c00000|100%| O|  |TAMS 0x0000000088c00000, 0x0000000088b00000| Untracked 
| 140|0x0000000088c00000, 0x0000000088d00000, 0x0000000088d00000|100%| O|  |TAMS 0x0000000088d00000, 0x0000000088c00000| Untracked 
| 141|0x0000000088d00000, 0x0000000088e00000, 0x0000000088e00000|100%| O|  |TAMS 0x0000000088e00000, 0x0000000088d00000| Untracked 
| 142|0x0000000088e00000, 0x0000000088f00000, 0x0000000088f00000|100%| O|  |TAMS 0x0000000088f00000, 0x0000000088e00000| Untracked 
| 143|0x0000000088f00000, 0x0000000089000000, 0x0000000089000000|100%| O|  |TAMS 0x0000000089000000, 0x0000000088f00000| Updating 
| 144|0x0000000089000000, 0x0000000089100000, 0x0000000089100000|100%| O|  |TAMS 0x0000000089100000, 0x0000000089000000| Untracked 
| 145|0x0000000089100000, 0x0000000089200000, 0x0000000089200000|100%| O|  |TAMS 0x0000000089200000, 0x0000000089100000| Untracked 
| 146|0x0000000089200000, 0x0000000089300000, 0x0000000089300000|100%| O|  |TAMS 0x0000000089300000, 0x0000000089200000| Untracked 
| 147|0x0000000089300000, 0x0000000089400000, 0x0000000089400000|100%| O|  |TAMS 0x0000000089400000, 0x0000000089300000| Updating 
| 148|0x0000000089400000, 0x0000000089500000, 0x0000000089500000|100%| O|  |TAMS 0x0000000089500000, 0x0000000089400000| Untracked 
| 149|0x0000000089500000, 0x0000000089600000, 0x0000000089600000|100%| O|  |TAMS 0x0000000089600000, 0x0000000089500000| Untracked 
| 150|0x0000000089600000, 0x0000000089700000, 0x0000000089700000|100%| O|  |TAMS 0x0000000089700000, 0x0000000089600000| Untracked 
| 151|0x0000000089700000, 0x0000000089800000, 0x0000000089800000|100%| O|  |TAMS 0x0000000089800000, 0x0000000089700000| Untracked 
| 152|0x0000000089800000, 0x0000000089900000, 0x0000000089900000|100%| O|  |TAMS 0x0000000089900000, 0x0000000089800000| Untracked 
| 153|0x0000000089900000, 0x0000000089a00000, 0x0000000089a00000|100%| O|  |TAMS 0x0000000089a00000, 0x0000000089900000| Untracked 
| 154|0x0000000089a00000, 0x0000000089b00000, 0x0000000089b00000|100%| O|  |TAMS 0x0000000089b00000, 0x0000000089a00000| Untracked 
| 155|0x0000000089b00000, 0x0000000089c00000, 0x0000000089c00000|100%| O|  |TAMS 0x0000000089c00000, 0x0000000089b00000| Untracked 
| 156|0x0000000089c00000, 0x0000000089d00000, 0x0000000089d00000|100%| O|  |TAMS 0x0000000089d00000, 0x0000000089c00000| Updating 
| 157|0x0000000089d00000, 0x0000000089e00000, 0x0000000089e00000|100%| O|  |TAMS 0x0000000089e00000, 0x0000000089d00000| Updating 
| 158|0x0000000089e00000, 0x0000000089f00000, 0x0000000089f00000|100%| O|  |TAMS 0x0000000089f00000, 0x0000000089e00000| Updating 
| 159|0x0000000089f00000, 0x000000008a000000, 0x000000008a000000|100%| O|  |TAMS 0x000000008a000000, 0x0000000089f00000| Updating 
| 160|0x000000008a000000, 0x000000008a100000, 0x000000008a100000|100%| O|  |TAMS 0x000000008a100000, 0x000000008a000000| Untracked 
| 161|0x000000008a100000, 0x000000008a200000, 0x000000008a200000|100%| O|  |TAMS 0x000000008a200000, 0x000000008a100000| Untracked 
| 162|0x000000008a200000, 0x000000008a300000, 0x000000008a300000|100%| O|  |TAMS 0x000000008a300000, 0x000000008a200000| Updating 
| 163|0x000000008a300000, 0x000000008a400000, 0x000000008a400000|100%| O|  |TAMS 0x000000008a400000, 0x000000008a300000| Untracked 
| 164|0x000000008a400000, 0x000000008a500000, 0x000000008a500000|100%| O|  |TAMS 0x000000008a500000, 0x000000008a400000| Untracked 
| 165|0x000000008a500000, 0x000000008a600000, 0x000000008a600000|100%| O|  |TAMS 0x000000008a600000, 0x000000008a500000| Updating 
| 166|0x000000008a600000, 0x000000008a600000, 0x000000008a700000|  0%| F|  |TAMS 0x000000008a600000, 0x000000008a600000| Untracked 
| 167|0x000000008a700000, 0x000000008a700000, 0x000000008a800000|  0%| F|  |TAMS 0x000000008a700000, 0x000000008a700000| Untracked 
| 168|0x000000008a800000, 0x000000008a900000, 0x000000008a900000|100%| O|  |TAMS 0x000000008a900000, 0x000000008a800000| Untracked 
| 169|0x000000008a900000, 0x000000008a934400, 0x000000008aa00000| 20%| O|  |TAMS 0x000000008a934400, 0x000000008a900000| Updating 
| 170|0x000000008aa00000, 0x000000008aa00000, 0x000000008ab00000|  0%| F|  |TAMS 0x000000008aa00000, 0x000000008aa00000| Untracked 
| 171|0x000000008ab00000, 0x000000008ab00000, 0x000000008ac00000|  0%| F|  |TAMS 0x000000008ab00000, 0x000000008ab00000| Untracked 
| 172|0x000000008ac00000, 0x000000008ac00000, 0x000000008ad00000|  0%| F|  |TAMS 0x000000008ac00000, 0x000000008ac00000| Untracked 
| 173|0x000000008ad00000, 0x000000008ad00000, 0x000000008ae00000|  0%| F|  |TAMS 0x000000008ad00000, 0x000000008ad00000| Untracked 
| 174|0x000000008ae00000, 0x000000008ae00000, 0x000000008af00000|  0%| F|  |TAMS 0x000000008ae00000, 0x000000008ae00000| Untracked 
| 175|0x000000008af00000, 0x000000008af00000, 0x000000008b000000|  0%| F|  |TAMS 0x000000008af00000, 0x000000008af00000| Untracked 
| 176|0x000000008b000000, 0x000000008b000000, 0x000000008b100000|  0%| F|  |TAMS 0x000000008b000000, 0x000000008b000000| Untracked 
| 177|0x000000008b100000, 0x000000008b100000, 0x000000008b200000|  0%| F|  |TAMS 0x000000008b100000, 0x000000008b100000| Untracked 
| 178|0x000000008b200000, 0x000000008b200000, 0x000000008b300000|  0%| F|  |TAMS 0x000000008b200000, 0x000000008b200000| Untracked 
| 179|0x000000008b300000, 0x000000008b300000, 0x000000008b400000|  0%| F|  |TAMS 0x000000008b300000, 0x000000008b300000| Untracked 
| 180|0x000000008b400000, 0x000000008b400000, 0x000000008b500000|  0%| F|  |TAMS 0x000000008b400000, 0x000000008b400000| Untracked 
| 181|0x000000008b500000, 0x000000008b500000, 0x000000008b600000|  0%| F|  |TAMS 0x000000008b500000, 0x000000008b500000| Untracked 
| 182|0x000000008b600000, 0x000000008b600000, 0x000000008b700000|  0%| F|  |TAMS 0x000000008b600000, 0x000000008b600000| Untracked 
| 183|0x000000008b700000, 0x000000008b700000, 0x000000008b800000|  0%| F|  |TAMS 0x000000008b700000, 0x000000008b700000| Untracked 
| 184|0x000000008b800000, 0x000000008b800000, 0x000000008b900000|  0%| F|  |TAMS 0x000000008b800000, 0x000000008b800000| Untracked 
| 185|0x000000008b900000, 0x000000008b900000, 0x000000008ba00000|  0%| F|  |TAMS 0x000000008b900000, 0x000000008b900000| Untracked 
| 186|0x000000008ba00000, 0x000000008ba00000, 0x000000008bb00000|  0%| F|  |TAMS 0x000000008ba00000, 0x000000008ba00000| Untracked 
| 187|0x000000008bb00000, 0x000000008bb00000, 0x000000008bc00000|  0%| F|  |TAMS 0x000000008bb00000, 0x000000008bb00000| Untracked 
| 188|0x000000008bc00000, 0x000000008bc00000, 0x000000008bd00000|  0%| F|  |TAMS 0x000000008bc00000, 0x000000008bc00000| Untracked 
| 189|0x000000008bd00000, 0x000000008bd00000, 0x000000008be00000|  0%| F|  |TAMS 0x000000008bd00000, 0x000000008bd00000| Untracked 
| 190|0x000000008be00000, 0x000000008be00000, 0x000000008bf00000|  0%| F|  |TAMS 0x000000008be00000, 0x000000008be00000| Untracked 
| 191|0x000000008bf00000, 0x000000008bf00000, 0x000000008c000000|  0%| F|  |TAMS 0x000000008bf00000, 0x000000008bf00000| Untracked 
| 192|0x000000008c000000, 0x000000008c000000, 0x000000008c100000|  0%| F|  |TAMS 0x000000008c000000, 0x000000008c000000| Untracked 
| 193|0x000000008c100000, 0x000000008c100000, 0x000000008c200000|  0%| F|  |TAMS 0x000000008c100000, 0x000000008c100000| Untracked 
| 194|0x000000008c200000, 0x000000008c200000, 0x000000008c300000|  0%| F|  |TAMS 0x000000008c200000, 0x000000008c200000| Untracked 
| 195|0x000000008c300000, 0x000000008c300000, 0x000000008c400000|  0%| F|  |TAMS 0x000000008c300000, 0x000000008c300000| Untracked 
| 196|0x000000008c400000, 0x000000008c400000, 0x000000008c500000|  0%| F|  |TAMS 0x000000008c400000, 0x000000008c400000| Untracked 
| 197|0x000000008c500000, 0x000000008c500000, 0x000000008c600000|  0%| F|  |TAMS 0x000000008c500000, 0x000000008c500000| Untracked 
| 198|0x000000008c600000, 0x000000008c600000, 0x000000008c700000|  0%| F|  |TAMS 0x000000008c600000, 0x000000008c600000| Untracked 
| 199|0x000000008c700000, 0x000000008c700000, 0x000000008c800000|  0%| F|  |TAMS 0x000000008c700000, 0x000000008c700000| Untracked 
| 200|0x000000008c800000, 0x000000008c800000, 0x000000008c900000|  0%| F|  |TAMS 0x000000008c800000, 0x000000008c800000| Untracked 
| 201|0x000000008c900000, 0x000000008c900000, 0x000000008ca00000|  0%| F|  |TAMS 0x000000008c900000, 0x000000008c900000| Untracked 
| 202|0x000000008ca00000, 0x000000008ca00000, 0x000000008cb00000|  0%| F|  |TAMS 0x000000008ca00000, 0x000000008ca00000| Untracked 
| 203|0x000000008cb00000, 0x000000008cb00000, 0x000000008cc00000|  0%| F|  |TAMS 0x000000008cb00000, 0x000000008cb00000| Untracked 
| 204|0x000000008cc00000, 0x000000008cc00000, 0x000000008cd00000|  0%| F|  |TAMS 0x000000008cc00000, 0x000000008cc00000| Untracked 
| 205|0x000000008cd00000, 0x000000008cd00000, 0x000000008ce00000|  0%| F|  |TAMS 0x000000008cd00000, 0x000000008cd00000| Untracked 
| 206|0x000000008ce00000, 0x000000008ce277e0, 0x000000008cf00000| 15%| S|CS|TAMS 0x000000008ce00000, 0x000000008ce00000| Complete 
| 207|0x000000008cf00000, 0x000000008d000000, 0x000000008d000000|100%| S|CS|TAMS 0x000000008cf00000, 0x000000008cf00000| Complete 
| 208|0x000000008d000000, 0x000000008d100000, 0x000000008d100000|100%| S|CS|TAMS 0x000000008d000000, 0x000000008d000000| Complete 
| 209|0x000000008d100000, 0x000000008d200000, 0x000000008d200000|100%| S|CS|TAMS 0x000000008d100000, 0x000000008d100000| Complete 
| 210|0x000000008d200000, 0x000000008d300000, 0x000000008d300000|100%| S|CS|TAMS 0x000000008d200000, 0x000000008d200000| Complete 
| 211|0x000000008d300000, 0x000000008d300000, 0x000000008d400000|  0%| F|  |TAMS 0x000000008d300000, 0x000000008d300000| Untracked 
| 212|0x000000008d400000, 0x000000008d400000, 0x000000008d500000|  0%| F|  |TAMS 0x000000008d400000, 0x000000008d400000| Untracked 
| 213|0x000000008d500000, 0x000000008d500000, 0x000000008d600000|  0%| F|  |TAMS 0x000000008d500000, 0x000000008d500000| Untracked 
| 214|0x000000008d600000, 0x000000008d600000, 0x000000008d700000|  0%| F|  |TAMS 0x000000008d600000, 0x000000008d600000| Untracked 
| 215|0x000000008d700000, 0x000000008d700000, 0x000000008d800000|  0%| F|  |TAMS 0x000000008d700000, 0x000000008d700000| Untracked 
| 216|0x000000008d800000, 0x000000008d800000, 0x000000008d900000|  0%| F|  |TAMS 0x000000008d800000, 0x000000008d800000| Untracked 
| 217|0x000000008d900000, 0x000000008d900000, 0x000000008da00000|  0%| F|  |TAMS 0x000000008d900000, 0x000000008d900000| Untracked 
| 218|0x000000008da00000, 0x000000008da00000, 0x000000008db00000|  0%| F|  |TAMS 0x000000008da00000, 0x000000008da00000| Untracked 
| 219|0x000000008db00000, 0x000000008db00000, 0x000000008dc00000|  0%| F|  |TAMS 0x000000008db00000, 0x000000008db00000| Untracked 
| 220|0x000000008dc00000, 0x000000008dc00000, 0x000000008dd00000|  0%| F|  |TAMS 0x000000008dc00000, 0x000000008dc00000| Untracked 
| 221|0x000000008dd00000, 0x000000008dd00000, 0x000000008de00000|  0%| F|  |TAMS 0x000000008dd00000, 0x000000008dd00000| Untracked 
| 222|0x000000008de00000, 0x000000008de00000, 0x000000008df00000|  0%| F|  |TAMS 0x000000008de00000, 0x000000008de00000| Untracked 
| 223|0x000000008df00000, 0x000000008df00000, 0x000000008e000000|  0%| F|  |TAMS 0x000000008df00000, 0x000000008df00000| Untracked 
| 224|0x000000008e000000, 0x000000008e000000, 0x000000008e100000|  0%| F|  |TAMS 0x000000008e000000, 0x000000008e000000| Untracked 
| 225|0x000000008e100000, 0x000000008e100000, 0x000000008e200000|  0%| F|  |TAMS 0x000000008e100000, 0x000000008e100000| Untracked 
| 226|0x000000008e200000, 0x000000008e200000, 0x000000008e300000|  0%| F|  |TAMS 0x000000008e200000, 0x000000008e200000| Untracked 
| 227|0x000000008e300000, 0x000000008e300000, 0x000000008e400000|  0%| F|  |TAMS 0x000000008e300000, 0x000000008e300000| Untracked 
| 228|0x000000008e400000, 0x000000008e400000, 0x000000008e500000|  0%| F|  |TAMS 0x000000008e400000, 0x000000008e400000| Untracked 
| 229|0x000000008e500000, 0x000000008e500000, 0x000000008e600000|  0%| F|  |TAMS 0x000000008e500000, 0x000000008e500000| Untracked 
| 230|0x000000008e600000, 0x000000008e600000, 0x000000008e700000|  0%| F|  |TAMS 0x000000008e600000, 0x000000008e600000| Untracked 
| 231|0x000000008e700000, 0x000000008e700000, 0x000000008e800000|  0%| F|  |TAMS 0x000000008e700000, 0x000000008e700000| Untracked 
| 232|0x000000008e800000, 0x000000008e800000, 0x000000008e900000|  0%| F|  |TAMS 0x000000008e800000, 0x000000008e800000| Untracked 
| 233|0x000000008e900000, 0x000000008e900000, 0x000000008ea00000|  0%| F|  |TAMS 0x000000008e900000, 0x000000008e900000| Untracked 
| 234|0x000000008ea00000, 0x000000008ea00000, 0x000000008eb00000|  0%| F|  |TAMS 0x000000008ea00000, 0x000000008ea00000| Untracked 
| 235|0x000000008eb00000, 0x000000008eb00000, 0x000000008ec00000|  0%| F|  |TAMS 0x000000008eb00000, 0x000000008eb00000| Untracked 
| 236|0x000000008ec00000, 0x000000008ec00000, 0x000000008ed00000|  0%| F|  |TAMS 0x000000008ec00000, 0x000000008ec00000| Untracked 
| 237|0x000000008ed00000, 0x000000008ed00000, 0x000000008ee00000|  0%| F|  |TAMS 0x000000008ed00000, 0x000000008ed00000| Untracked 
| 238|0x000000008ee00000, 0x000000008ee00000, 0x000000008ef00000|  0%| F|  |TAMS 0x000000008ee00000, 0x000000008ee00000| Untracked 
| 239|0x000000008ef00000, 0x000000008ef00000, 0x000000008f000000|  0%| F|  |TAMS 0x000000008ef00000, 0x000000008ef00000| Untracked 
| 240|0x000000008f000000, 0x000000008f000000, 0x000000008f100000|  0%| F|  |TAMS 0x000000008f000000, 0x000000008f000000| Untracked 
| 241|0x000000008f100000, 0x000000008f100000, 0x000000008f200000|  0%| F|  |TAMS 0x000000008f100000, 0x000000008f100000| Untracked 
| 242|0x000000008f200000, 0x000000008f200000, 0x000000008f300000|  0%| F|  |TAMS 0x000000008f200000, 0x000000008f200000| Untracked 
| 243|0x000000008f300000, 0x000000008f300000, 0x000000008f400000|  0%| F|  |TAMS 0x000000008f300000, 0x000000008f300000| Untracked 
| 244|0x000000008f400000, 0x000000008f400000, 0x000000008f500000|  0%| F|  |TAMS 0x000000008f400000, 0x000000008f400000| Untracked 
| 245|0x000000008f500000, 0x000000008f500000, 0x000000008f600000|  0%| F|  |TAMS 0x000000008f500000, 0x000000008f500000| Untracked 
| 246|0x000000008f600000, 0x000000008f600000, 0x000000008f700000|  0%| F|  |TAMS 0x000000008f600000, 0x000000008f600000| Untracked 
| 247|0x000000008f700000, 0x000000008f700000, 0x000000008f800000|  0%| F|  |TAMS 0x000000008f700000, 0x000000008f700000| Untracked 
| 248|0x000000008f800000, 0x000000008f800000, 0x000000008f900000|  0%| F|  |TAMS 0x000000008f800000, 0x000000008f800000| Untracked 
| 249|0x000000008f900000, 0x000000008f900000, 0x000000008fa00000|  0%| F|  |TAMS 0x000000008f900000, 0x000000008f900000| Untracked 
| 250|0x000000008fa00000, 0x000000008fa00000, 0x000000008fb00000|  0%| F|  |TAMS 0x000000008fa00000, 0x000000008fa00000| Untracked 
| 251|0x000000008fb00000, 0x000000008fb00000, 0x000000008fc00000|  0%| F|  |TAMS 0x000000008fb00000, 0x000000008fb00000| Untracked 
| 252|0x000000008fc00000, 0x000000008fc00000, 0x000000008fd00000|  0%| F|  |TAMS 0x000000008fc00000, 0x000000008fc00000| Untracked 
| 253|0x000000008fd00000, 0x000000008fd00000, 0x000000008fe00000|  0%| F|  |TAMS 0x000000008fd00000, 0x000000008fd00000| Untracked 
| 254|0x000000008fe00000, 0x000000008fe00000, 0x000000008ff00000|  0%| F|  |TAMS 0x000000008fe00000, 0x000000008fe00000| Untracked 
| 255|0x000000008ff00000, 0x000000008ff00000, 0x0000000090000000|  0%| F|  |TAMS 0x000000008ff00000, 0x000000008ff00000| Untracked 
| 256|0x0000000090000000, 0x0000000090000000, 0x0000000090100000|  0%| F|  |TAMS 0x0000000090000000, 0x0000000090000000| Untracked 
| 257|0x0000000090100000, 0x0000000090100000, 0x0000000090200000|  0%| F|  |TAMS 0x0000000090100000, 0x0000000090100000| Untracked 
| 258|0x0000000090200000, 0x0000000090200000, 0x0000000090300000|  0%| F|  |TAMS 0x0000000090200000, 0x0000000090200000| Untracked 
| 259|0x0000000090300000, 0x0000000090300000, 0x0000000090400000|  0%| F|  |TAMS 0x0000000090300000, 0x0000000090300000| Untracked 
| 260|0x0000000090400000, 0x0000000090400000, 0x0000000090500000|  0%| F|  |TAMS 0x0000000090400000, 0x0000000090400000| Untracked 
| 261|0x0000000090500000, 0x0000000090500000, 0x0000000090600000|  0%| F|  |TAMS 0x0000000090500000, 0x0000000090500000| Untracked 
| 262|0x0000000090600000, 0x0000000090600000, 0x0000000090700000|  0%| F|  |TAMS 0x0000000090600000, 0x0000000090600000| Untracked 
| 263|0x0000000090700000, 0x0000000090700000, 0x0000000090800000|  0%| F|  |TAMS 0x0000000090700000, 0x0000000090700000| Untracked 
| 264|0x0000000090800000, 0x0000000090800000, 0x0000000090900000|  0%| F|  |TAMS 0x0000000090800000, 0x0000000090800000| Untracked 
| 265|0x0000000090900000, 0x0000000090900000, 0x0000000090a00000|  0%| F|  |TAMS 0x0000000090900000, 0x0000000090900000| Untracked 
| 266|0x0000000090a00000, 0x0000000090a00000, 0x0000000090b00000|  0%| F|  |TAMS 0x0000000090a00000, 0x0000000090a00000| Untracked 
| 267|0x0000000090b00000, 0x0000000090b00000, 0x0000000090c00000|  0%| F|  |TAMS 0x0000000090b00000, 0x0000000090b00000| Untracked 
| 268|0x0000000090c00000, 0x0000000090c00000, 0x0000000090d00000|  0%| F|  |TAMS 0x0000000090c00000, 0x0000000090c00000| Untracked 
| 269|0x0000000090d00000, 0x0000000090d00000, 0x0000000090e00000|  0%| F|  |TAMS 0x0000000090d00000, 0x0000000090d00000| Untracked 
| 270|0x0000000090e00000, 0x0000000090e00000, 0x0000000090f00000|  0%| F|  |TAMS 0x0000000090e00000, 0x0000000090e00000| Untracked 
| 271|0x0000000090f00000, 0x0000000090f00000, 0x0000000091000000|  0%| F|  |TAMS 0x0000000090f00000, 0x0000000090f00000| Untracked 
| 272|0x0000000091000000, 0x0000000091000000, 0x0000000091100000|  0%| F|  |TAMS 0x0000000091000000, 0x0000000091000000| Untracked 
| 273|0x0000000091100000, 0x0000000091100000, 0x0000000091200000|  0%| F|  |TAMS 0x0000000091100000, 0x0000000091100000| Untracked 
| 274|0x0000000091200000, 0x0000000091200000, 0x0000000091300000|  0%| F|  |TAMS 0x0000000091200000, 0x0000000091200000| Untracked 
| 275|0x0000000091300000, 0x0000000091300000, 0x0000000091400000|  0%| F|  |TAMS 0x0000000091300000, 0x0000000091300000| Untracked 
| 276|0x0000000091400000, 0x0000000091400000, 0x0000000091500000|  0%| F|  |TAMS 0x0000000091400000, 0x0000000091400000| Untracked 
| 277|0x0000000091500000, 0x0000000091500000, 0x0000000091600000|  0%| F|  |TAMS 0x0000000091500000, 0x0000000091500000| Untracked 
| 278|0x0000000091600000, 0x0000000091600000, 0x0000000091700000|  0%| F|  |TAMS 0x0000000091600000, 0x0000000091600000| Untracked 
| 279|0x0000000091700000, 0x0000000091700000, 0x0000000091800000|  0%| F|  |TAMS 0x0000000091700000, 0x0000000091700000| Untracked 
| 280|0x0000000091800000, 0x0000000091800000, 0x0000000091900000|  0%| F|  |TAMS 0x0000000091800000, 0x0000000091800000| Untracked 
| 281|0x0000000091900000, 0x0000000091900000, 0x0000000091a00000|  0%| F|  |TAMS 0x0000000091900000, 0x0000000091900000| Untracked 
| 282|0x0000000091a00000, 0x0000000091a00000, 0x0000000091b00000|  0%| F|  |TAMS 0x0000000091a00000, 0x0000000091a00000| Untracked 
| 283|0x0000000091b00000, 0x0000000091b00000, 0x0000000091c00000|  0%| F|  |TAMS 0x0000000091b00000, 0x0000000091b00000| Untracked 
| 284|0x0000000091c00000, 0x0000000091c00000, 0x0000000091d00000|  0%| F|  |TAMS 0x0000000091c00000, 0x0000000091c00000| Untracked 
| 285|0x0000000091d00000, 0x0000000091d00000, 0x0000000091e00000|  0%| F|  |TAMS 0x0000000091d00000, 0x0000000091d00000| Untracked 
| 286|0x0000000091e00000, 0x0000000091e00000, 0x0000000091f00000|  0%| F|  |TAMS 0x0000000091e00000, 0x0000000091e00000| Untracked 
| 287|0x0000000091f00000, 0x0000000091f81010, 0x0000000092000000| 50%| E|  |TAMS 0x0000000091f00000, 0x0000000091f00000| Complete 
| 288|0x0000000092000000, 0x0000000092100000, 0x0000000092100000|100%| E|CS|TAMS 0x0000000092000000, 0x0000000092000000| Complete 

Card table byte_map: [0x0000028dfba40000,0x0000028dfbe40000] _byte_map_base: 0x0000028dfb640000

Marking Bits (Prev, Next): (CMBitMap*) 0x0000028de91c8430, (CMBitMap*) 0x0000028de91c83f0
 Prev Bits: [0x0000028d80000000, 0x0000028d82000000)
 Next Bits: [0x0000028dfc240000, 0x0000028dfe240000)

Polling page: 0x0000028de7040000

Metaspace:

Usage:
  Non-class:     79.22 MB used.
      Class:     12.49 MB used.
       Both:     91.71 MB used.

Virtual space:
  Non-class space:       80.00 MB reserved,      79.62 MB (>99%) committed,  10 nodes.
      Class space:        1.00 GB reserved,      12.81 MB (  1%) committed,  1 nodes.
             Both:        1.08 GB reserved,      92.44 MB (  8%) committed. 

Chunk freelists:
   Non-Class:  33.00 KB
       Class:  3.16 MB
        Both:  3.19 MB

MaxMetaspaceSize: unlimited
CompressedClassSpaceSize: 1.00 GB
Initial GC threshold: 21.00 MB
Current GC threshold: 153.88 MB
CDS: off
MetaspaceReclaimPolicy: balanced
 - commit_granule_bytes: 65536.
 - commit_granule_words: 8192.
 - virtual_space_node_default_size: 1048576.
 - enlarge_chunks_in_place: 1.
 - new_chunks_are_fully_committed: 0.
 - uncommit_free_chunks: 1.
 - use_allocation_guard: 0.
 - handle_deallocations: 1.


Internal statistics:

num_allocs_failed_limit: 3.
num_arena_births: 1004.
num_arena_deaths: 0.
num_vsnodes_births: 11.
num_vsnodes_deaths: 0.
num_space_committed: 1479.
num_space_uncommitted: 0.
num_chunks_returned_to_freelist: 3.
num_chunks_taken_from_freelist: 4557.
num_chunk_merges: 3.
num_chunk_splits: 2982.
num_chunks_enlarged: 1962.
num_purges: 0.
num_inconsistent_stats: 0.

CodeHeap 'non-profiled nmethods': size=120000Kb used=5934Kb max_used=5934Kb free=114065Kb
 bounds [0x0000028df4110000, 0x0000028df46e0000, 0x0000028dfb640000]
CodeHeap 'profiled nmethods': size=120000Kb used=17137Kb max_used=18417Kb free=102862Kb
 bounds [0x0000028dec640000, 0x0000028ded840000, 0x0000028df3b70000]
CodeHeap 'non-nmethods': size=5760Kb used=2392Kb max_used=2437Kb free=3368Kb
 bounds [0x0000028df3b70000, 0x0000028df3de0000, 0x0000028df4110000]
 total_blobs=9942 nmethods=9011 adapters=843
 compilation: enabled
              stopped_count=0, restarted_count=0
 full_count=0

Compilation events (20 events):
Event: 319.547 Thread 0x0000028dff1138e0 10517       3       java.util.concurrent.locks.AbstractQueuedSynchronizer$ConditionObject::await (203 bytes)
Event: 319.550 Thread 0x0000028dff1138e0 nmethod 10517 0x0000028decc2c210 code [0x0000028decc2c500, 0x0000028decc2d598]
Event: 321.092 Thread 0x0000028dff1138e0 10518       3       org.gradle.cache.internal.filelock.LockFileAccess::readLockInfo (12 bytes)
Event: 321.093 Thread 0x0000028dff1138e0 nmethod 10518 0x0000028ded24c610 code [0x0000028ded24c7c0, 0x0000028ded24c928]
Event: 321.093 Thread 0x0000028dff1138e0 10519       3       org.gradle.cache.internal.filelock.LockInfoAccess::readLockInfo (113 bytes)
Event: 321.097 Thread 0x0000028dff1138e0 nmethod 10519 0x0000028dec9f2c10 code [0x0000028dec9f3000, 0x0000028dec9f4d28]
Event: 321.097 Thread 0x0000028dff1138e0 10520       3       org.gradle.cache.internal.filelock.LockInfoSerializer::read (50 bytes)
Event: 321.098 Thread 0x0000028dff1138e0 nmethod 10520 0x0000028deca69510 code [0x0000028deca69720, 0x0000028deca69df8]
Event: 322.113 Thread 0x0000028dff1138e0 10521   !   3       org.gradle.cache.internal.DefaultFileLockManager$AwaitableFileLockReleasedSignal::await (78 bytes)
Event: 322.113 Thread 0x0000028dff1138e0 nmethod 10521 0x0000028ded01f210 code [0x0000028ded01f3e0, 0x0000028ded01f818]
Event: 328.837 Thread 0x0000028dff1138e0 10522   !   3       org.gradle.cache.internal.filelock.LockInfoAccess::tryLock (39 bytes)
Event: 328.839 Thread 0x0000028dff1138e0 nmethod 10522 0x0000028ded049190 code [0x0000028ded049380, 0x0000028ded049818]
Event: 328.839 Thread 0x0000028dff1138e0 10523       3       java.lang.ThreadLocal::setInitialValue (50 bytes)
Event: 328.840 Thread 0x0000028dff1138e0 nmethod 10523 0x0000028deca00510 code [0x0000028deca00720, 0x0000028deca01028]
Event: 335.830 Thread 0x0000028dff1138e0 10524   !   3       org.gradle.cache.internal.DefaultMultiProcessSafePersistentIndexedCache::getIfPresent (25 bytes)
Event: 335.833 Thread 0x0000028dff1138e0 nmethod 10524 0x0000028dece8c910 code [0x0000028dece8cba0, 0x0000028dece8d878]
Event: 339.876 Thread 0x0000028dff1138e0 10525       3       java.io.File::getParentFile (41 bytes)
Event: 339.877 Thread 0x0000028dff1138e0 nmethod 10525 0x0000028ded398b90 code [0x0000028ded398d60, 0x0000028ded399158]
Event: 340.242 Thread 0x0000028dfe76e940 10526       4       javax.management.ObjectName::getDomainLength (9 bytes)
Event: 340.242 Thread 0x0000028dfe76e940 nmethod 10526 0x0000028df46db590 code [0x0000028df46db700, 0x0000028df46db778]

GC Heap History (20 events):
Event: 203.850 GC heap before
{Heap before GC invocations=64 (full 0):
 garbage-first heap   total 250880K, used 204800K [0x0000000080000000, 0x0000000100000000)
  region size 1024K, 47 young (48128K), 2 survivors (2048K)
 Metaspace       used 93802K, committed 94528K, reserved 1130496K
  class space    used 12786K, committed 13120K, reserved 1048576K
}
Event: 203.875 GC heap after
{Heap after GC invocations=65 (full 0):
 garbage-first heap   total 250880K, used 172032K [0x0000000080000000, 0x0000000100000000)
  region size 1024K, 6 young (6144K), 6 survivors (6144K)
 Metaspace       used 93802K, committed 94528K, reserved 1130496K
  class space    used 12786K, committed 13120K, reserved 1048576K
}
Event: 215.646 GC heap before
{Heap before GC invocations=66 (full 0):
 garbage-first heap   total 283648K, used 198656K [0x0000000080000000, 0x0000000100000000)
  region size 1024K, 37 young (37888K), 6 survivors (6144K)
 Metaspace       used 93812K, committed 94592K, reserved 1130496K
  class space    used 12788K, committed 13120K, reserved 1048576K
}
Event: 215.666 GC heap after
{Heap after GC invocations=67 (full 0):
 garbage-first heap   total 283648K, used 170830K [0x0000000080000000, 0x0000000100000000)
  region size 1024K, 4 young (4096K), 4 survivors (4096K)
 Metaspace       used 93812K, committed 94592K, reserved 1130496K
  class space    used 12788K, committed 13120K, reserved 1048576K
}
Event: 219.100 GC heap before
{Heap before GC invocations=67 (full 0):
 garbage-first heap   total 283648K, used 180046K [0x0000000080000000, 0x0000000100000000)
  region size 1024K, 13 young (13312K), 4 survivors (4096K)
 Metaspace       used 93816K, committed 94592K, reserved 1130496K
  class space    used 12788K, committed 13120K, reserved 1048576K
}
Event: 219.131 GC heap after
{Heap after GC invocations=68 (full 0):
 garbage-first heap   total 283648K, used 169509K [0x0000000080000000, 0x0000000100000000)
  region size 1024K, 2 young (2048K), 2 survivors (2048K)
 Metaspace       used 93816K, committed 94592K, reserved 1130496K
  class space    used 12788K, committed 13120K, reserved 1048576K
}
Event: 236.958 GC heap before
{Heap before GC invocations=68 (full 0):
 garbage-first heap   total 283648K, used 221733K [0x0000000080000000, 0x0000000100000000)
  region size 1024K, 53 young (54272K), 2 survivors (2048K)
 Metaspace       used 93826K, committed 94592K, reserved 1130496K
  class space    used 12788K, committed 13120K, reserved 1048576K
}
Event: 236.976 GC heap after
{Heap after GC invocations=69 (full 0):
 garbage-first heap   total 283648K, used 171393K [0x0000000080000000, 0x0000000100000000)
  region size 1024K, 4 young (4096K), 4 survivors (4096K)
 Metaspace       used 93826K, committed 94592K, reserved 1130496K
  class space    used 12788K, committed 13120K, reserved 1048576K
}
Event: 258.632 GC heap before
{Heap before GC invocations=70 (full 0):
 garbage-first heap   total 286720K, used 232284K [0x0000000080000000, 0x0000000100000000)
  region size 1024K, 64 young (65536K), 4 survivors (4096K)
 Metaspace       used 93838K, committed 94592K, reserved 1130496K
  class space    used 12790K, committed 13120K, reserved 1048576K
}
Event: 258.641 GC heap after
{Heap after GC invocations=71 (full 0):
 garbage-first heap   total 286720K, used 172366K [0x0000000080000000, 0x0000000100000000)
  region size 1024K, 6 young (6144K), 6 survivors (6144K)
 Metaspace       used 93838K, committed 94592K, reserved 1130496K
  class space    used 12790K, committed 13120K, reserved 1048576K
}
Event: 261.512 GC heap before
{Heap before GC invocations=71 (full 0):
 garbage-first heap   total 286720K, used 179534K [0x0000000080000000, 0x0000000100000000)
  region size 1024K, 14 young (14336K), 6 survivors (6144K)
 Metaspace       used 93838K, committed 94592K, reserved 1130496K
  class space    used 12790K, committed 13120K, reserved 1048576K
}
Event: 261.521 GC heap after
{Heap after GC invocations=72 (full 0):
 garbage-first heap   total 286720K, used 171575K [0x0000000080000000, 0x0000000100000000)
  region size 1024K, 2 young (2048K), 2 survivors (2048K)
 Metaspace       used 93838K, committed 94592K, reserved 1130496K
  class space    used 12790K, committed 13120K, reserved 1048576K
}
Event: 279.736 GC heap before
{Heap before GC invocations=72 (full 0):
 garbage-first heap   total 286720K, used 237111K [0x0000000080000000, 0x0000000100000000)
  region size 1024K, 66 young (67584K), 2 survivors (2048K)
 Metaspace       used 93847K, committed 94592K, reserved 1130496K
  class space    used 12790K, committed 13120K, reserved 1048576K
}
Event: 279.744 GC heap after
{Heap after GC invocations=73 (full 0):
 garbage-first heap   total 286720K, used 174478K [0x0000000080000000, 0x0000000100000000)
  region size 1024K, 5 young (5120K), 5 survivors (5120K)
 Metaspace       used 93847K, committed 94592K, reserved 1130496K
  class space    used 12790K, committed 13120K, reserved 1048576K
}
Event: 305.648 GC heap before
{Heap before GC invocations=74 (full 0):
 garbage-first heap   total 295936K, used 238990K [0x0000000080000000, 0x0000000100000000)
  region size 1024K, 68 young (69632K), 5 survivors (5120K)
 Metaspace       used 93891K, committed 94592K, reserved 1130496K
  class space    used 12791K, committed 13120K, reserved 1048576K
}
Event: 305.663 GC heap after
{Heap after GC invocations=75 (full 0):
 garbage-first heap   total 295936K, used 172388K [0x0000000080000000, 0x0000000100000000)
  region size 1024K, 3 young (3072K), 3 survivors (3072K)
 Metaspace       used 93891K, committed 94592K, reserved 1130496K
  class space    used 12791K, committed 13120K, reserved 1048576K
}
Event: 312.653 GC heap before
{Heap before GC invocations=75 (full 0):
 garbage-first heap   total 295936K, used 183652K [0x0000000080000000, 0x0000000100000000)
  region size 1024K, 14 young (14336K), 3 survivors (3072K)
 Metaspace       used 93906K, committed 94656K, reserved 1130496K
  class space    used 12791K, committed 13120K, reserved 1048576K
}
Event: 312.663 GC heap after
{Heap after GC invocations=76 (full 0):
 garbage-first heap   total 295936K, used 170975K [0x0000000080000000, 0x0000000100000000)
  region size 1024K, 1 young (1024K), 1 survivors (1024K)
 Metaspace       used 93906K, committed 94656K, reserved 1130496K
  class space    used 12791K, committed 13120K, reserved 1048576K
}
Event: 350.938 GC heap before
{Heap before GC invocations=76 (full 0):
 garbage-first heap   total 295936K, used 249823K [0x0000000080000000, 0x0000000100000000)
  region size 1024K, 78 young (79872K), 1 survivors (1024K)
 Metaspace       used 93913K, committed 94656K, reserved 1130496K
  class space    used 12791K, committed 13120K, reserved 1048576K
}
Event: 350.952 GC heap after
{Heap after GC invocations=77 (full 0):
 garbage-first heap   total 295936K, used 174446K [0x0000000080000000, 0x0000000100000000)
  region size 1024K, 5 young (5120K), 5 survivors (5120K)
 Metaspace       used 93913K, committed 94656K, reserved 1130496K
  class space    used 12791K, committed 13120K, reserved 1048576K
}

Dll operation events (2 events):
Event: 1.739 Loaded shared library C:\Program Files\Android\Android Studio\jbr\bin\java.dll
Event: 17.965 Loaded shared library C:\Program Files\Android\Android Studio\jbr\bin\verify.dll

Deoptimization events (20 events):
Event: 209.635 Thread 0x0000028d845296b0 DEOPT PACKING pc=0x0000028df41b9244 sp=0x000000efafffedd0
Event: 209.635 Thread 0x0000028d845296b0 DEOPT UNPACKING pc=0x0000028df3bc69a3 sp=0x000000efafffed90 mode 2
Event: 211.654 Thread 0x0000028d87846130 DEOPT PACKING pc=0x0000028dec6ffa97 sp=0x000000efb23fbae0
Event: 211.654 Thread 0x0000028d87846130 DEOPT UNPACKING pc=0x0000028df3bc7143 sp=0x000000efb23fafa8 mode 0
Event: 245.244 Thread 0x0000028d87f337c0 Uncommon trap: trap_request=0xffffffbe fr.pc=0x0000028df4652bc4 relative=0x00000000000001a4
Event: 245.244 Thread 0x0000028d87f337c0 Uncommon trap: reason=profile_predicate action=maybe_recompile pc=0x0000028df4652bc4 method=java.util.LinkedHashMap.keysToArray([Ljava/lang/Object;)[Ljava/lang/Object; @ 12 c2
Event: 245.244 Thread 0x0000028d87f337c0 DEOPT PACKING pc=0x0000028df4652bc4 sp=0x000000efb39fcf40
Event: 245.244 Thread 0x0000028d87f337c0 DEOPT UNPACKING pc=0x0000028df3bc69a3 sp=0x000000efb39fcef8 mode 2
Event: 292.604 Thread 0x0000028d87846130 DEOPT PACKING pc=0x0000028decc7eada sp=0x000000efb23fbbe0
Event: 292.604 Thread 0x0000028d87846130 DEOPT UNPACKING pc=0x0000028df3bc7143 sp=0x000000efb23fb1f0 mode 0
Event: 292.606 Thread 0x0000028d87846130 DEOPT PACKING pc=0x0000028decc7ed0f sp=0x000000efb23fbbe0
Event: 292.606 Thread 0x0000028d87846130 DEOPT UNPACKING pc=0x0000028df3bc7143 sp=0x000000efb23fb1f0 mode 0
Event: 292.608 Thread 0x0000028d87846130 DEOPT PACKING pc=0x0000028decc7ed0f sp=0x000000efb23fbbe0
Event: 292.608 Thread 0x0000028d87846130 DEOPT UNPACKING pc=0x0000028df3bc7143 sp=0x000000efb23fb1f0 mode 0
Event: 292.609 Thread 0x0000028d87846130 DEOPT PACKING pc=0x0000028decc7ed0f sp=0x000000efb23fbbe0
Event: 292.609 Thread 0x0000028d87846130 DEOPT UNPACKING pc=0x0000028df3bc7143 sp=0x000000efb23fb1f0 mode 0
Event: 335.348 Thread 0x0000028d845296b0 Uncommon trap: trap_request=0xffffff45 fr.pc=0x0000028df4681d9c relative=0x000000000000277c
Event: 335.348 Thread 0x0000028d845296b0 Uncommon trap: reason=unstable_if action=reinterpret pc=0x0000028df4681d9c method=java.math.BigInteger.makePositive([BII)[I @ 40 c2
Event: 335.348 Thread 0x0000028d845296b0 DEOPT PACKING pc=0x0000028df4681d9c sp=0x000000efafffec10
Event: 335.348 Thread 0x0000028d845296b0 DEOPT UNPACKING pc=0x0000028df3bc69a3 sp=0x000000efafffe6b0 mode 2

Classes unloaded (0 events):
No events

Classes redefined (0 events):
No events

Internal exceptions (20 events):
Event: 184.490 Thread 0x0000028d8452a9f0 Exception <a 'java/lang/ClassNotFoundException'{0x000000008b32a128}: org/gradle/internal/extensibility/ExtensionsStorage$ExtensionHolderBeanInfo> (0x000000008b32a128) 
thrown [s\src\hotspot\share\classfile\systemDictionary.cpp, line 256]
Event: 184.491 Thread 0x0000028d8452a9f0 Exception <a 'java/lang/ClassNotFoundException'{0x000000008b332520}: org/gradle/internal/extensibility/ExtensionsStorage$ExtensionHolderCustomizer> (0x000000008b332520) 
thrown [s\src\hotspot\share\classfile\systemDictionary.cpp, line 256]
Event: 184.509 Thread 0x0000028d8452a9f0 Exception <a 'java/lang/ClassNotFoundException'{0x000000008b3cb148}: org/gradle/internal/service/scopes/ProjectScopeServicesBeanInfo> (0x000000008b3cb148) 
thrown [s\src\hotspot\share\classfile\systemDictionary.cpp, line 256]
Event: 184.509 Thread 0x0000028d8452a9f0 Exception <a 'java/lang/ClassNotFoundException'{0x000000008b3d3460}: org/gradle/internal/service/scopes/ProjectScopeServicesCustomizer> (0x000000008b3d3460) 
thrown [s\src\hotspot\share\classfile\systemDictionary.cpp, line 256]
Event: 184.514 Thread 0x0000028d8452a9f0 Exception <a 'java/lang/ClassNotFoundException'{0x000000008b3f3cf8}: org/gradle/api/internal/catalog/DefaultDependenciesAccessorsBeanInfo> (0x000000008b3f3cf8) 
thrown [s\src\hotspot\share\classfile\systemDictionary.cpp, line 256]
Event: 184.514 Thread 0x0000028d8452a9f0 Exception <a 'java/lang/ClassNotFoundException'{0x000000008b3fdc40}: org/gradle/api/internal/catalog/DefaultDependenciesAccessorsCustomizer> (0x000000008b3fdc40) 
thrown [s\src\hotspot\share\classfile\systemDictionary.cpp, line 256]
Event: 184.518 Thread 0x0000028d8452a9f0 Exception <a 'java/lang/ClassNotFoundException'{0x000000008b24fa30}: org/gradle/internal/classpath/DefaultClassPathBeanInfo> (0x000000008b24fa30) 
thrown [s\src\hotspot\share\classfile\systemDictionary.cpp, line 256]
Event: 184.519 Thread 0x0000028d8452a9f0 Exception <a 'java/lang/ClassNotFoundException'{0x000000008b257ad0}: org/gradle/internal/classpath/DefaultClassPathCustomizer> (0x000000008b257ad0) 
thrown [s\src\hotspot\share\classfile\systemDictionary.cpp, line 256]
Event: 184.524 Thread 0x0000028d8452a9f0 Exception <a 'java/lang/ClassNotFoundException'{0x000000008b16de00}: org/gradle/internal/classpath/DefaultClassPath$ImmutableUniqueListBeanInfo> (0x000000008b16de00) 
thrown [s\src\hotspot\share\classfile\systemDictionary.cpp, line 256]
Event: 184.525 Thread 0x0000028d8452a9f0 Exception <a 'java/lang/ClassNotFoundException'{0x000000008b1725c0}: java/util/AbstractListBeanInfo> (0x000000008b1725c0) 
thrown [s\src\hotspot\share\classfile\systemDictionary.cpp, line 256]
Event: 184.525 Thread 0x0000028d8452a9f0 Exception <a 'java/lang/ClassNotFoundException'{0x000000008b176b08}: java/util/AbstractListCustomizer> (0x000000008b176b08) 
thrown [s\src\hotspot\share\classfile\systemDictionary.cpp, line 256]
Event: 184.526 Thread 0x0000028d8452a9f0 Exception <a 'java/lang/ClassNotFoundException'{0x000000008b18a328}: org/gradle/internal/classpath/DefaultClassPath$ImmutableUniqueListCustomizer> (0x000000008b18a328) 
thrown [s\src\hotspot\share\classfile\systemDictionary.cpp, line 256]
Event: 184.896 Thread 0x0000028d8452a9f0 Exception <a 'java/lang/ClassNotFoundException'{0x000000008b1cd060}: org/jetbrains/plugins/gradle/model/DefaultDependencyAccessorsModelBeanInfo> (0x000000008b1cd060) 
thrown [s\src\hotspot\share\classfile\systemDictionary.cpp, line 256]
Event: 184.897 Thread 0x0000028d8452a9f0 Exception <a 'java/lang/ClassNotFoundException'{0x000000008b1d5470}: org/jetbrains/plugins/gradle/model/DefaultDependencyAccessorsModelCustomizer> (0x000000008b1d5470) 
thrown [s\src\hotspot\share\classfile\systemDictionary.cpp, line 256]
Event: 184.915 Thread 0x0000028d87f354a0 Exception <a 'java/lang/NoSuchMethodError'{0x000000008b071d58}: static Lorg/jetbrains/plugins/gradle/tooling/internal/VersionCatalogsModelImpl;.<clinit>()V> (0x000000008b071d58) 
thrown [s\src\hotspot\share\prims\jni.cpp, line 1108]
Event: 184.938 Thread 0x0000028d8452a9f0 Exception <a 'java/lang/ClassNotFoundException'{0x000000008ae6f580}: org/gradle/api/internal/tasks/DefaultSourceSetContainer_DecoratedBeanInfo> (0x000000008ae6f580) 
thrown [s\src\hotspot\share\classfile\systemDictionary.cpp, line 256]
Event: 184.939 Thread 0x0000028d8452a9f0 Exception <a 'java/lang/ClassNotFoundException'{0x000000008ae796d0}: org/gradle/api/internal/tasks/DefaultSourceSetContainerBeanInfo> (0x000000008ae796d0) 
thrown [s\src\hotspot\share\classfile\systemDictionary.cpp, line 256]
Event: 184.939 Thread 0x0000028d8452a9f0 Exception <a 'java/lang/ClassNotFoundException'{0x000000008ae835e0}: org/gradle/api/internal/tasks/DefaultSourceSetContainerCustomizer> (0x000000008ae835e0) 
thrown [s\src\hotspot\share\classfile\systemDictionary.cpp, line 256]
Event: 184.940 Thread 0x0000028d8452a9f0 Exception <a 'java/lang/ClassNotFoundException'{0x000000008ae99070}: org/gradle/api/internal/tasks/DefaultSourceSetContainer_DecoratedCustomizer> (0x000000008ae99070) 
thrown [s\src\hotspot\share\classfile\systemDictionary.cpp, line 256]
Event: 193.830 Thread 0x0000028d87846130 Exception <a 'java/lang/NoSuchMethodError'{0x000000008ed6b3b8}: 'java.lang.Object java.lang.invoke.DirectMethodHandle$Holder.invokeSpecialIFC(java.lang.Object, java.lang.Object, java.lang.Object)'> (0x000000008ed6b3b8) 
thrown [s\src\hotspot\share\interpreter\linkResolver.cpp, line 771]

VM Operations (20 events):
Event: 282.022 Executing VM operation: Cleanup done
Event: 287.064 Executing VM operation: Cleanup
Event: 287.064 Executing VM operation: Cleanup done
Event: 288.070 Executing VM operation: Cleanup
Event: 288.070 Executing VM operation: Cleanup done
Event: 293.094 Executing VM operation: Cleanup
Event: 293.094 Executing VM operation: Cleanup done
Event: 295.096 Executing VM operation: Cleanup
Event: 295.096 Executing VM operation: Cleanup done
Event: 305.648 Executing VM operation: G1CollectForAllocation
Event: 305.663 Executing VM operation: G1CollectForAllocation done
Event: 312.653 Executing VM operation: G1CollectForAllocation
Event: 312.663 Executing VM operation: G1CollectForAllocation done
Event: 318.731 Executing VM operation: Cleanup
Event: 318.732 Executing VM operation: Cleanup done
Event: 319.745 Executing VM operation: Cleanup
Event: 319.746 Executing VM operation: Cleanup done
Event: 350.938 Executing VM operation: G1CollectForAllocation
Event: 350.952 Executing VM operation: G1CollectForAllocation done
Event: 351.120 Executing VM operation: G1Concurrent

Events (20 events):
Event: 184.499 Thread 0x0000028dff116990 flushing nmethod 0x0000028ded66ae10
Event: 184.499 Thread 0x0000028dff116990 flushing nmethod 0x0000028ded672410
Event: 184.500 Thread 0x0000028dff116990 flushing nmethod 0x0000028ded6b9790
Event: 184.500 Thread 0x0000028dff116990 flushing nmethod 0x0000028ded6c8c90
Event: 184.500 Thread 0x0000028dff116990 flushing nmethod 0x0000028ded6dd410
Event: 184.500 Thread 0x0000028dff116990 flushing nmethod 0x0000028ded6dd910
Event: 184.500 Thread 0x0000028dff116990 flushing nmethod 0x0000028ded6efc10
Event: 184.501 Thread 0x0000028dff116990 flushing nmethod 0x0000028ded81a210
Event: 184.524 loading class java/util/AbstractListBeanInfo
Event: 184.524 loading class java/util/AbstractListBeanInfo done
Event: 184.525 loading class java/util/AbstractListBeanInfo
Event: 184.525 loading class java/util/AbstractListBeanInfo done
Event: 184.525 loading class java/util/AbstractListCustomizer
Event: 184.525 loading class java/util/AbstractListCustomizer done
Event: 184.525 loading class java/util/AbstractListCustomizer
Event: 184.525 loading class java/util/AbstractListCustomizer done
Event: 184.902 Thread 0x0000028d85dc4f10 Thread exited: 0x0000028d85dc4f10
Event: 194.343 Thread 0x0000028d85dc44f0 Thread added: 0x0000028d85dc44f0
Event: 194.953 Thread 0x0000028d85dc44f0 Thread exited: 0x0000028d85dc44f0
Event: 237.532 Thread 0x0000028d87f35970 Thread exited: 0x0000028d87f35970


Dynamic libraries:
0x00007ff77da00000 - 0x00007ff77da0a000 	C:\Program Files\Android\Android Studio\jbr\bin\java.exe
0x00007ffb4e750000 - 0x00007ffb4e948000 	C:\WINDOWS\SYSTEM32\ntdll.dll
0x00007ffb4e650000 - 0x00007ffb4e70d000 	C:\WINDOWS\System32\KERNEL32.DLL
0x00007ffb4c2e0000 - 0x00007ffb4c5d6000 	C:\WINDOWS\System32\KERNELBASE.dll
0x00007ffb4bf90000 - 0x00007ffb4c090000 	C:\WINDOWS\System32\ucrtbase.dll
0x00007ffb46800000 - 0x00007ffb4681b000 	C:\Program Files\Android\Android Studio\jbr\bin\VCRUNTIME140.dll
0x00007ffb3cca0000 - 0x00007ffb3ccb7000 	C:\Program Files\Android\Android Studio\jbr\bin\jli.dll
0x00007ffb4c7b0000 - 0x00007ffb4c94e000 	C:\WINDOWS\System32\USER32.dll
0x00007ffb4c650000 - 0x00007ffb4c672000 	C:\WINDOWS\System32\win32u.dll
0x00007ffb3ea80000 - 0x00007ffb3ed1a000 	C:\WINDOWS\WinSxS\amd64_microsoft.windows.common-controls_6595b64144ccf1df_6.0.19041.3636_none_60b6a03d71f818d5\COMCTL32.dll
0x00007ffb4cb40000 - 0x00007ffb4cb6c000 	C:\WINDOWS\System32\GDI32.dll
0x00007ffb4d050000 - 0x00007ffb4d0ee000 	C:\WINDOWS\System32\msvcrt.dll
0x00007ffb4c170000 - 0x00007ffb4c28a000 	C:\WINDOWS\System32\gdi32full.dll
0x00007ffb4c710000 - 0x00007ffb4c7ad000 	C:\WINDOWS\System32\msvcp_win.dll
0x00007ffb4de40000 - 0x00007ffb4de70000 	C:\WINDOWS\System32\IMM32.DLL
0x00007ffb35e90000 - 0x00007ffb35e9c000 	C:\Program Files\Android\Android Studio\jbr\bin\vcruntime140_1.dll
0x00007ffb33270000 - 0x00007ffb332fd000 	C:\Program Files\Android\Android Studio\jbr\bin\msvcp140.dll
0x00007ffb17830000 - 0x00007ffb1849e000 	C:\Program Files\Android\Android Studio\jbr\bin\server\jvm.dll
0x00007ffb4dc60000 - 0x00007ffb4dd0f000 	C:\WINDOWS\System32\ADVAPI32.dll
0x00007ffb4cfb0000 - 0x00007ffb4d04c000 	C:\WINDOWS\System32\sechost.dll
0x00007ffb4cbd0000 - 0x00007ffb4ccf6000 	C:\WINDOWS\System32\RPCRT4.dll
0x00007ffb40b10000 - 0x00007ffb40b37000 	C:\WINDOWS\SYSTEM32\WINMM.dll
0x00007ffb40cf0000 - 0x00007ffb40cfa000 	C:\WINDOWS\SYSTEM32\VERSION.dll
0x00007ffb45bd0000 - 0x00007ffb45bd9000 	C:\WINDOWS\SYSTEM32\WSOCK32.dll
0x00007ffb4e5e0000 - 0x00007ffb4e64b000 	C:\WINDOWS\System32\ws2_32.DLL
0x00007ffb49cb0000 - 0x00007ffb49cc2000 	C:\WINDOWS\SYSTEM32\kernel.appcore.dll
0x00007ffb45ba0000 - 0x00007ffb45baa000 	C:\Program Files\Android\Android Studio\jbr\bin\jimage.dll
0x00007ffb363a0000 - 0x00007ffb36584000 	C:\WINDOWS\SYSTEM32\DBGHELP.DLL
0x00007ffb37c10000 - 0x00007ffb37c44000 	C:\WINDOWS\SYSTEM32\dbgcore.DLL
0x00007ffb4c680000 - 0x00007ffb4c702000 	C:\WINDOWS\System32\bcryptPrimitives.dll
0x00007ffb36c30000 - 0x00007ffb36c55000 	C:\Program Files\Android\Android Studio\jbr\bin\java.dll
0x00007ffb35dd0000 - 0x00007ffb35de8000 	C:\Program Files\Android\Android Studio\jbr\bin\zip.dll
0x00007ffb4d510000 - 0x00007ffb4dc54000 	C:\WINDOWS\System32\SHELL32.dll
0x00007ffb49eb0000 - 0x00007ffb4a64b000 	C:\WINDOWS\SYSTEM32\windows.storage.dll
0x00007ffb4d100000 - 0x00007ffb4d454000 	C:\WINDOWS\System32\combase.dll
0x00007ffb4b790000 - 0x00007ffb4b7bd000 	C:\WINDOWS\SYSTEM32\Wldp.dll
0x00007ffb4cf00000 - 0x00007ffb4cfad000 	C:\WINDOWS\System32\SHCORE.dll
0x00007ffb4cb70000 - 0x00007ffb4cbc5000 	C:\WINDOWS\System32\shlwapi.dll
0x00007ffb4bd60000 - 0x00007ffb4bd85000 	C:\WINDOWS\SYSTEM32\profapi.dll
0x00007ffb35150000 - 0x00007ffb35169000 	C:\Program Files\Android\Android Studio\jbr\bin\net.dll
0x00007ffb41230000 - 0x00007ffb4133a000 	C:\WINDOWS\SYSTEM32\WINHTTP.dll
0x00007ffb4b570000 - 0x00007ffb4b5da000 	C:\WINDOWS\system32\mswsock.dll
0x00007ffb348b0000 - 0x00007ffb348c6000 	C:\Program Files\Android\Android Studio\jbr\bin\nio.dll
0x00007ffb477d0000 - 0x00007ffb477e0000 	C:\Program Files\Android\Android Studio\jbr\bin\verify.dll
0x00007ffb34980000 - 0x00007ffb349a7000 	C:\Users\etana\.gradle\native\68d5fa5c4cc2d200863cafc0d521ce42e7d3e7ee720ec0a83991735586a16f82\windows-amd64\native-platform.dll
0x00007ffb1e0e0000 - 0x00007ffb1e224000 	C:\Users\etana\.gradle\native\e376f236ea51e6404a007f0833ffe2c6e607c4080706a723a18a27aeea778392\windows-amd64\native-platform-file-events.dll
0x00007ffb47110000 - 0x00007ffb47119000 	C:\Program Files\Android\Android Studio\jbr\bin\management.dll
0x00007ffb47100000 - 0x00007ffb4710b000 	C:\Program Files\Android\Android Studio\jbr\bin\management_ext.dll
0x00007ffb4c950000 - 0x00007ffb4c958000 	C:\WINDOWS\System32\PSAPI.DLL
0x00007ffb4b7d0000 - 0x00007ffb4b7e8000 	C:\WINDOWS\SYSTEM32\CRYPTSP.dll
0x00007ffb4ae50000 - 0x00007ffb4ae84000 	C:\WINDOWS\system32\rsaenh.dll
0x00007ffb4c140000 - 0x00007ffb4c167000 	C:\WINDOWS\System32\bcrypt.dll
0x00007ffb4bd20000 - 0x00007ffb4bd4e000 	C:\WINDOWS\SYSTEM32\USERENV.dll
0x00007ffb4b700000 - 0x00007ffb4b70c000 	C:\WINDOWS\SYSTEM32\CRYPTBASE.dll
0x00007ffb4b230000 - 0x00007ffb4b26b000 	C:\WINDOWS\SYSTEM32\IPHLPAPI.DLL
0x00007ffb4df50000 - 0x00007ffb4df58000 	C:\WINDOWS\System32\NSI.dll
0x00007ffb41650000 - 0x00007ffb41667000 	C:\WINDOWS\SYSTEM32\dhcpcsvc6.DLL
0x00007ffb418e0000 - 0x00007ffb418fd000 	C:\WINDOWS\SYSTEM32\dhcpcsvc.DLL
0x00007ffb4b280000 - 0x00007ffb4b34a000 	C:\WINDOWS\SYSTEM32\DNSAPI.dll
0x00007ffb45ac0000 - 0x00007ffb45ac7000 	C:\WINDOWS\system32\wshunix.dll
0x00007ffb1e430000 - 0x00007ffb1e447000 	C:\WINDOWS\system32\napinsp.dll
0x00007ffb1e410000 - 0x00007ffb1e42b000 	C:\WINDOWS\system32\pnrpnsp.dll
0x00007ffb459d0000 - 0x00007ffb459e5000 	C:\WINDOWS\system32\wshbth.dll
0x00007ffb476f0000 - 0x00007ffb4770d000 	C:\WINDOWS\system32\NLAapi.dll
0x00007ffb1e3f0000 - 0x00007ffb1e402000 	C:\WINDOWS\System32\winrnr.dll
0x000000005e890000 - 0x000000005e8b6000 	C:\Program Files\Bonjour\mdnsNSP.dll
0x00007ffb3f300000 - 0x00007ffb3f30a000 	C:\Windows\System32\rasadhlp.dll
0x00007ffb3fcd0000 - 0x00007ffb3fd50000 	C:\WINDOWS\System32\fwpuclnt.dll

dbghelp: loaded successfully - version: 4.0.5 - missing functions: none
symbol engine: initialized successfully - sym options: 0x614 - pdb path: .;C:\Program Files\Android\Android Studio\jbr\bin;C:\WINDOWS\SYSTEM32;C:\WINDOWS\WinSxS\amd64_microsoft.windows.common-controls_6595b64144ccf1df_6.0.19041.3636_none_60b6a03d71f818d5;C:\Program Files\Android\Android Studio\jbr\bin\server;C:\Users\etana\.gradle\native\68d5fa5c4cc2d200863cafc0d521ce42e7d3e7ee720ec0a83991735586a16f82\windows-amd64;C:\Users\etana\.gradle\native\e376f236ea51e6404a007f0833ffe2c6e607c4080706a723a18a27aeea778392\windows-amd64;C:\Program Files\Bonjour

VM Arguments:
jvm_args: --add-opens=java.base/java.util=ALL-UNNAMED --add-opens=java.base/java.lang=ALL-UNNAMED --add-opens=java.base/java.lang.invoke=ALL-UNNAMED --add-opens=java.prefs/java.util.prefs=ALL-UNNAMED --add-opens=java.base/java.nio.charset=ALL-UNNAMED --add-opens=java.base/java.net=ALL-UNNAMED --add-opens=java.base/java.util.concurrent.atomic=ALL-UNNAMED -Xmx2048m -Dfile.encoding=UTF-8 -Duser.country=GB -Duser.language=en -Duser.variant 
java_command: org.gradle.launcher.daemon.bootstrap.GradleDaemon 8.0
java_class_path (initial): C:\Users\etana\.gradle\wrapper\dists\gradle-8.0-bin\ca5e32bp14vu59qr306oxotwh\gradle-8.0\lib\gradle-launcher-8.0.jar
Launcher Type: SUN_STANDARD

[Global flags]
     intx CICompilerCount                          = 3                                         {product} {ergonomic}
     uint ConcGCThreads                            = 1                                         {product} {ergonomic}
     uint G1ConcRefinementThreads                  = 4                                         {product} {ergonomic}
   size_t G1HeapRegionSize                         = 1048576                                   {product} {ergonomic}
    uintx GCDrainStackTargetSize                   = 64                                        {product} {ergonomic}
   size_t InitialHeapSize                          = 134217728                                 {product} {ergonomic}
   size_t MarkStackSize                            = 4194304                                   {product} {ergonomic}
   size_t MaxHeapSize                              = 2147483648                                {product} {command line}
   size_t MaxNewSize                               = 1287651328                                {product} {ergonomic}
   size_t MinHeapDeltaBytes                        = 1048576                                   {product} {ergonomic}
   size_t MinHeapSize                              = 8388608                                   {product} {ergonomic}
    uintx NonNMethodCodeHeapSize                   = 5832780                                {pd product} {ergonomic}
    uintx NonProfiledCodeHeapSize                  = 122912730                              {pd product} {ergonomic}
    uintx ProfiledCodeHeapSize                     = 122912730                              {pd product} {ergonomic}
    uintx ReservedCodeCacheSize                    = 251658240                              {pd product} {ergonomic}
     bool SegmentedCodeCache                       = true                                      {product} {ergonomic}
   size_t SoftMaxHeapSize                          = 2147483648                             {manageable} {ergonomic}
     bool UseCompressedClassPointers               = true                           {product lp64_product} {ergonomic}
     bool UseCompressedOops                        = true                           {product lp64_product} {ergonomic}
     bool UseG1GC                                  = true                                      {product} {ergonomic}
     bool UseLargePagesIndividualAllocation        = false                                  {pd product} {ergonomic}

Logging:
Log output configuration:
 #0: stdout all=warning uptime,level,tags
 #1: stderr all=off uptime,level,tags

Environment Variables:
PATH=%SystemRoot%\system32\WBEM;C:\WINDOWS\system32\WBEM;C:\Program Files\NVIDIA GPU Computing Toolkit\CUDA\v12.2\bin;C:\Program Files\NVIDIA GPU Computing Toolkit\CUDA\v12.2\libnvvp;C:\WINDOWS\system32;C:\WINDOWS;C:\WINDOWS\System32\Wbem;C:\WINDOWS\System32\WindowsPowerShell\v1.0\;C:\WINDOWS\System32\OpenSSH\;C:\Program Files\nodejs\;C:\Program Files\Microsoft VS Code\bin;C:\Users\etana\AppData\Local\Microsoft\WindowsApps;C:\Users\etana\AppData\Roaming\npm;C:\adb;C:\Program Files\Git\cmd;C:\ProgramData\chocolatey\bin;C:\cygwin64\bin;C:\Program Files\NVIDIA Corporation\Nsight Compute 2023.2.2\;C:\Program Files (x86)\NVIDIA Corporation\PhysX\Common;C:\Program Files (x86)\Windows Kits\10\Windows Performance Toolkit\;C:\Users\etana\.cargo\bin;C:\Program Files (x86)\Common Files\Acronis\SnapAPI\;C:\Program Files (x86)\Common Files\Acronis\VirtualFile\;C:\Program Files (x86)\Common Files\Acronis\VirtualFile64\;C:\Program Files (x86)\Common Files\Acronis\FileProtector\;C:\Program Files (x86)\Common Files\Acronis\FileProtector64\;C:\Users\etana\.cargo\bin;C:\Users\etana\AppData\Local\Microsoft\WindowsApps;C:\Users\etana\AppData\Roaming\npm
USERNAME=etana
OS=Windows_NT
PROCESSOR_IDENTIFIER=Intel64 Family 6 Model 60 Stepping 3, GenuineIntel
TMP=C:\Users\etana\AppData\Local\Temp
TEMP=C:\Users\etana\AppData\Local\Temp


JNI global refs:
JNI global refs: 24, weak refs: 0

JNI global refs memory usage: 843, weak refs: 209


---------------  S Y S T E M  ---------------

OS:
 Windows 10 , 64 bit Build 19041 (10.0.19041.3636)
OS uptime: 0 days 23:50 hours
Hyper-V role detected

CPU: total 4 (initial active 4) (2 cores per cpu, 2 threads per core) family 6 model 60 stepping 3 microcode 0x27, cx8, cmov, fxsr, ht, mmx, sse, sse2, sse3, ssse3, sse4.1, sse4.2, popcnt, lzcnt, tsc, tscinvbit, avx, avx2, aes, erms, clmul, bmi1, bmi2, fma, vzeroupper, clflush, hv

Memory: 4k page, system-wide physical 8124M (522M free)
TotalPageFile size 12124M (AvailPageFile size 5M)
current process WorkingSet (physical memory assigned to process): 518M, peak: 518M
current process commit charge ("private bytes"): 549M, peak: 550M

vm_info: OpenJDK 64-Bit Server VM (17.0.6+0-b2043.56-10027231) for windows-amd64 JRE (17.0.6+0-b2043.56-10027231), built on Apr 28 2023 00:43:19 by "androidbuild" with MS VC++ 16.10 / 16.11 (VS2019)

END.
